There are 1 GPU(s) available.
We will use the GPU: Tesla V100-SXM2-16GB





SST Data Extracted and Read
Size of Labelled Training Data 33712
Size of Unlabelled Training Data 33637
Size of Test Data 872



Generating DataSet from SST2



examples len is:  67349
examples len is:  872



Instantiating the Generator and Discriminator



hidden_sizes[i] and [i+1] is 768 and 768





Intiating Training of Gan-Bert Model
Test
Training Start Time : 2022-05-04_19-15-48

======== Epoch 1 / 10 ========
Training...
  Batch    10  of  1,053.    Elapsed: 0:00:03.
  Batch    20  of  1,053.    Elapsed: 0:00:07.
  Batch    30  of  1,053.    Elapsed: 0:00:10.
  Batch    40  of  1,053.    Elapsed: 0:00:13.
  Batch    50  of  1,053.    Elapsed: 0:00:17.
  Batch    60  of  1,053.    Elapsed: 0:00:20.
  Batch    70  of  1,053.    Elapsed: 0:00:24.
  Batch    80  of  1,053.    Elapsed: 0:00:27.
  Batch    90  of  1,053.    Elapsed: 0:00:30.
  Batch   100  of  1,053.    Elapsed: 0:00:34.
  Batch   110  of  1,053.    Elapsed: 0:00:37.
  Batch   120  of  1,053.    Elapsed: 0:00:40.
  Batch   130  of  1,053.    Elapsed: 0:00:44.
  Batch   140  of  1,053.    Elapsed: 0:00:47.
  Batch   150  of  1,053.    Elapsed: 0:00:50.
  Batch   160  of  1,053.    Elapsed: 0:00:54.
  Batch   170  of  1,053.    Elapsed: 0:00:57.
  Batch   180  of  1,053.    Elapsed: 0:01:00.
  Batch   190  of  1,053.    Elapsed: 0:01:04.
  Batch   200  of  1,053.    Elapsed: 0:01:07.
  Batch   210  of  1,053.    Elapsed: 0:01:11.
  Batch   220  of  1,053.    Elapsed: 0:01:14.
  Batch   230  of  1,053.    Elapsed: 0:01:17.
  Batch   240  of  1,053.    Elapsed: 0:01:21.
  Batch   250  of  1,053.    Elapsed: 0:01:24.
  Batch   260  of  1,053.    Elapsed: 0:01:27.
  Batch   270  of  1,053.    Elapsed: 0:01:31.
  Batch   280  of  1,053.    Elapsed: 0:01:34.
  Batch   290  of  1,053.    Elapsed: 0:01:37.
  Batch   300  of  1,053.    Elapsed: 0:01:41.
  Batch   310  of  1,053.    Elapsed: 0:01:44.
  Batch   320  of  1,053.    Elapsed: 0:01:47.
  Batch   330  of  1,053.    Elapsed: 0:01:51.
  Batch   340  of  1,053.    Elapsed: 0:01:54.
  Batch   350  of  1,053.    Elapsed: 0:01:57.
  Batch   360  of  1,053.    Elapsed: 0:02:01.
  Batch   370  of  1,053.    Elapsed: 0:02:04.
  Batch   380  of  1,053.    Elapsed: 0:02:07.
  Batch   390  of  1,053.    Elapsed: 0:02:11.
  Batch   400  of  1,053.    Elapsed: 0:02:14.
  Batch   410  of  1,053.    Elapsed: 0:02:17.
  Batch   420  of  1,053.    Elapsed: 0:02:21.
  Batch   430  of  1,053.    Elapsed: 0:02:24.
  Batch   440  of  1,053.    Elapsed: 0:02:28.
  Batch   450  of  1,053.    Elapsed: 0:02:31.
  Batch   460  of  1,053.    Elapsed: 0:02:34.
  Batch   470  of  1,053.    Elapsed: 0:02:38.
  Batch   480  of  1,053.    Elapsed: 0:02:41.
  Batch   490  of  1,053.    Elapsed: 0:02:44.
  Batch   500  of  1,053.    Elapsed: 0:02:48.
  Batch   510  of  1,053.    Elapsed: 0:02:51.
  Batch   520  of  1,053.    Elapsed: 0:02:54.
  Batch   530  of  1,053.    Elapsed: 0:02:58.
  Batch   540  of  1,053.    Elapsed: 0:03:01.
  Batch   550  of  1,053.    Elapsed: 0:03:04.
  Batch   560  of  1,053.    Elapsed: 0:03:08.
  Batch   570  of  1,053.    Elapsed: 0:03:11.
  Batch   580  of  1,053.    Elapsed: 0:03:14.
  Batch   590  of  1,053.    Elapsed: 0:03:18.
  Batch   600  of  1,053.    Elapsed: 0:03:21.
  Batch   610  of  1,053.    Elapsed: 0:03:24.
  Batch   620  of  1,053.    Elapsed: 0:03:28.
  Batch   630  of  1,053.    Elapsed: 0:03:31.
  Batch   640  of  1,053.    Elapsed: 0:03:34.
  Batch   650  of  1,053.    Elapsed: 0:03:38.
  Batch   660  of  1,053.    Elapsed: 0:03:41.
  Batch   670  of  1,053.    Elapsed: 0:03:45.
  Batch   680  of  1,053.    Elapsed: 0:03:48.
  Batch   690  of  1,053.    Elapsed: 0:03:51.
  Batch   700  of  1,053.    Elapsed: 0:03:55.
  Batch   710  of  1,053.    Elapsed: 0:03:58.
  Batch   720  of  1,053.    Elapsed: 0:04:01.
  Batch   730  of  1,053.    Elapsed: 0:04:05.
  Batch   740  of  1,053.    Elapsed: 0:04:08.
  Batch   750  of  1,053.    Elapsed: 0:04:11.
  Batch   760  of  1,053.    Elapsed: 0:04:15.
  Batch   770  of  1,053.    Elapsed: 0:04:18.
  Batch   780  of  1,053.    Elapsed: 0:04:21.
  Batch   790  of  1,053.    Elapsed: 0:04:25.
  Batch   800  of  1,053.    Elapsed: 0:04:28.
  Batch   810  of  1,053.    Elapsed: 0:04:32.
  Batch   820  of  1,053.    Elapsed: 0:04:35.
  Batch   830  of  1,053.    Elapsed: 0:04:38.
  Batch   840  of  1,053.    Elapsed: 0:04:42.
  Batch   850  of  1,053.    Elapsed: 0:04:45.
  Batch   860  of  1,053.    Elapsed: 0:04:48.
  Batch   870  of  1,053.    Elapsed: 0:04:52.
  Batch   880  of  1,053.    Elapsed: 0:04:55.
  Batch   890  of  1,053.    Elapsed: 0:04:58.
  Batch   900  of  1,053.    Elapsed: 0:05:02.
  Batch   910  of  1,053.    Elapsed: 0:05:05.
  Batch   920  of  1,053.    Elapsed: 0:05:08.
  Batch   930  of  1,053.    Elapsed: 0:05:12.
  Batch   940  of  1,053.    Elapsed: 0:05:15.
  Batch   950  of  1,053.    Elapsed: 0:05:19.
  Batch   960  of  1,053.    Elapsed: 0:05:22.
  Batch   970  of  1,053.    Elapsed: 0:05:25.
  Batch   980  of  1,053.    Elapsed: 0:05:29.
  Batch   990  of  1,053.    Elapsed: 0:05:32.
  Batch 1,000  of  1,053.    Elapsed: 0:05:35.
  Batch 1,010  of  1,053.    Elapsed: 0:05:39.
  Batch 1,020  of  1,053.    Elapsed: 0:05:42.
  Batch 1,030  of  1,053.    Elapsed: 0:05:45.
  Batch 1,040  of  1,053.    Elapsed: 0:05:49.
  Batch 1,050  of  1,053.    Elapsed: 0:05:52.

  Average training loss generetor: 0.706
  Average training loss discriminator: 0.995
  Training epcoh took: 0:05:53

Running Test...
  Accuracy: 0.911
  Test Loss: 0.248
  Test took: 0:00:01

======== Epoch 2 / 10 ========
Training...
  Batch    10  of  1,053.    Elapsed: 0:00:03.
  Batch    20  of  1,053.    Elapsed: 0:00:07.
  Batch    30  of  1,053.    Elapsed: 0:00:10.
  Batch    40  of  1,053.    Elapsed: 0:00:13.
  Batch    50  of  1,053.    Elapsed: 0:00:17.
  Batch    60  of  1,053.    Elapsed: 0:00:20.
  Batch    70  of  1,053.    Elapsed: 0:00:24.
  Batch    80  of  1,053.    Elapsed: 0:00:27.
  Batch    90  of  1,053.    Elapsed: 0:00:30.
  Batch   100  of  1,053.    Elapsed: 0:00:34.
  Batch   110  of  1,053.    Elapsed: 0:00:37.
  Batch   120  of  1,053.    Elapsed: 0:00:40.
  Batch   130  of  1,053.    Elapsed: 0:00:44.
  Batch   140  of  1,053.    Elapsed: 0:00:47.
  Batch   150  of  1,053.    Elapsed: 0:00:50.
  Batch   160  of  1,053.    Elapsed: 0:00:54.
  Batch   170  of  1,053.    Elapsed: 0:00:57.
  Batch   180  of  1,053.    Elapsed: 0:01:00.
  Batch   190  of  1,053.    Elapsed: 0:01:04.
  Batch   200  of  1,053.    Elapsed: 0:01:07.
  Batch   210  of  1,053.    Elapsed: 0:01:11.
  Batch   220  of  1,053.    Elapsed: 0:01:14.
  Batch   230  of  1,053.    Elapsed: 0:01:17.
  Batch   240  of  1,053.    Elapsed: 0:01:21.
  Batch   250  of  1,053.    Elapsed: 0:01:24.
  Batch   260  of  1,053.    Elapsed: 0:01:27.
  Batch   270  of  1,053.    Elapsed: 0:01:31.
  Batch   280  of  1,053.    Elapsed: 0:01:34.
  Batch   290  of  1,053.    Elapsed: 0:01:38.
  Batch   300  of  1,053.    Elapsed: 0:01:41.
  Batch   310  of  1,053.    Elapsed: 0:01:44.
  Batch   320  of  1,053.    Elapsed: 0:01:48.
  Batch   330  of  1,053.    Elapsed: 0:01:51.
  Batch   340  of  1,053.    Elapsed: 0:01:54.
  Batch   350  of  1,053.    Elapsed: 0:01:58.
  Batch   360  of  1,053.    Elapsed: 0:02:01.
  Batch   370  of  1,053.    Elapsed: 0:02:05.
  Batch   380  of  1,053.    Elapsed: 0:02:08.
  Batch   390  of  1,053.    Elapsed: 0:02:11.
  Batch   400  of  1,053.    Elapsed: 0:02:15.
  Batch   410  of  1,053.    Elapsed: 0:02:18.
  Batch   420  of  1,053.    Elapsed: 0:02:21.
  Batch   430  of  1,053.    Elapsed: 0:02:25.
  Batch   440  of  1,053.    Elapsed: 0:02:28.
  Batch   450  of  1,053.    Elapsed: 0:02:31.
  Batch   460  of  1,053.    Elapsed: 0:02:35.
  Batch   470  of  1,053.    Elapsed: 0:02:38.
  Batch   480  of  1,053.    Elapsed: 0:02:41.
  Batch   490  of  1,053.    Elapsed: 0:02:45.
  Batch   500  of  1,053.    Elapsed: 0:02:48.
  Batch   510  of  1,053.    Elapsed: 0:02:51.
  Batch   520  of  1,053.    Elapsed: 0:02:55.
  Batch   530  of  1,053.    Elapsed: 0:02:58.
  Batch   540  of  1,053.    Elapsed: 0:03:02.
  Batch   550  of  1,053.    Elapsed: 0:03:05.
  Batch   560  of  1,053.    Elapsed: 0:03:08.
  Batch   570  of  1,053.    Elapsed: 0:03:12.
  Batch   580  of  1,053.    Elapsed: 0:03:15.
  Batch   590  of  1,053.    Elapsed: 0:03:18.
  Batch   600  of  1,053.    Elapsed: 0:03:22.
  Batch   610  of  1,053.    Elapsed: 0:03:25.
  Batch   620  of  1,053.    Elapsed: 0:03:28.
  Batch   630  of  1,053.    Elapsed: 0:03:32.
  Batch   640  of  1,053.    Elapsed: 0:03:35.
  Batch   650  of  1,053.    Elapsed: 0:03:38.
  Batch   660  of  1,053.    Elapsed: 0:03:42.
  Batch   670  of  1,053.    Elapsed: 0:03:45.
  Batch   680  of  1,053.    Elapsed: 0:03:48.
  Batch   690  of  1,053.    Elapsed: 0:03:52.
  Batch   700  of  1,053.    Elapsed: 0:03:55.
  Batch   710  of  1,053.    Elapsed: 0:03:59.
  Batch   720  of  1,053.    Elapsed: 0:04:02.
  Batch   730  of  1,053.    Elapsed: 0:04:05.
  Batch   740  of  1,053.    Elapsed: 0:04:09.
  Batch   750  of  1,053.    Elapsed: 0:04:12.
  Batch   760  of  1,053.    Elapsed: 0:04:15.
  Batch   770  of  1,053.    Elapsed: 0:04:19.
  Batch   780  of  1,053.    Elapsed: 0:04:22.
  Batch   790  of  1,053.    Elapsed: 0:04:26.
  Batch   800  of  1,053.    Elapsed: 0:04:29.
  Batch   810  of  1,053.    Elapsed: 0:04:32.
  Batch   820  of  1,053.    Elapsed: 0:04:36.
  Batch   830  of  1,053.    Elapsed: 0:04:39.
  Batch   840  of  1,053.    Elapsed: 0:04:42.
  Batch   850  of  1,053.    Elapsed: 0:04:46.
  Batch   860  of  1,053.    Elapsed: 0:04:49.
  Batch   870  of  1,053.    Elapsed: 0:04:53.
  Batch   880  of  1,053.    Elapsed: 0:04:56.
  Batch   890  of  1,053.    Elapsed: 0:04:59.
  Batch   900  of  1,053.    Elapsed: 0:05:03.
  Batch   910  of  1,053.    Elapsed: 0:05:06.
  Batch   920  of  1,053.    Elapsed: 0:05:09.
  Batch   930  of  1,053.    Elapsed: 0:05:13.
  Batch   940  of  1,053.    Elapsed: 0:05:16.
  Batch   950  of  1,053.    Elapsed: 0:05:19.
  Batch   960  of  1,053.    Elapsed: 0:05:23.
  Batch   970  of  1,053.    Elapsed: 0:05:26.
  Batch   980  of  1,053.    Elapsed: 0:05:30.
  Batch   990  of  1,053.    Elapsed: 0:05:33.
  Batch 1,000  of  1,053.    Elapsed: 0:05:36.
  Batch 1,010  of  1,053.    Elapsed: 0:05:40.
  Batch 1,020  of  1,053.    Elapsed: 0:05:43.
  Batch 1,030  of  1,053.    Elapsed: 0:05:46.
  Batch 1,040  of  1,053.    Elapsed: 0:05:50.
  Batch 1,050  of  1,053.    Elapsed: 0:05:53.

  Average training loss generetor: 0.701
  Average training loss discriminator: 0.832
  Training epcoh took: 0:05:54

Running Test...
  Accuracy: 0.899
  Test Loss: 0.303
  Test took: 0:00:01

======== Epoch 3 / 10 ========
Training...
  Batch    10  of  1,053.    Elapsed: 0:00:03.
  Batch    20  of  1,053.    Elapsed: 0:00:07.
  Batch    30  of  1,053.    Elapsed: 0:00:10.
  Batch    40  of  1,053.    Elapsed: 0:00:13.
  Batch    50  of  1,053.    Elapsed: 0:00:17.
  Batch    60  of  1,053.    Elapsed: 0:00:20.
  Batch    70  of  1,053.    Elapsed: 0:00:24.
  Batch    80  of  1,053.    Elapsed: 0:00:27.
  Batch    90  of  1,053.    Elapsed: 0:00:30.
  Batch   100  of  1,053.    Elapsed: 0:00:34.
  Batch   110  of  1,053.    Elapsed: 0:00:37.
  Batch   120  of  1,053.    Elapsed: 0:00:40.
  Batch   130  of  1,053.    Elapsed: 0:00:44.
  Batch   140  of  1,053.    Elapsed: 0:00:47.
  Batch   150  of  1,053.    Elapsed: 0:00:50.
  Batch   160  of  1,053.    Elapsed: 0:00:54.
  Batch   170  of  1,053.    Elapsed: 0:00:57.
  Batch   180  of  1,053.    Elapsed: 0:01:01.
  Batch   190  of  1,053.    Elapsed: 0:01:04.
  Batch   200  of  1,053.    Elapsed: 0:01:07.
  Batch   210  of  1,053.    Elapsed: 0:01:11.
  Batch   220  of  1,053.    Elapsed: 0:01:14.
  Batch   230  of  1,053.    Elapsed: 0:01:17.
  Batch   240  of  1,053.    Elapsed: 0:01:21.
  Batch   250  of  1,053.    Elapsed: 0:01:24.
  Batch   260  of  1,053.    Elapsed: 0:01:27.
  Batch   270  of  1,053.    Elapsed: 0:01:31.
  Batch   280  of  1,053.    Elapsed: 0:01:34.
  Batch   290  of  1,053.    Elapsed: 0:01:37.
  Batch   300  of  1,053.    Elapsed: 0:01:41.
  Batch   310  of  1,053.    Elapsed: 0:01:44.
  Batch   320  of  1,053.    Elapsed: 0:01:48.
  Batch   330  of  1,053.    Elapsed: 0:01:51.
  Batch   340  of  1,053.    Elapsed: 0:01:54.
  Batch   350  of  1,053.    Elapsed: 0:01:58.
  Batch   360  of  1,053.    Elapsed: 0:02:01.
  Batch   370  of  1,053.    Elapsed: 0:02:04.
  Batch   380  of  1,053.    Elapsed: 0:02:08.
  Batch   390  of  1,053.    Elapsed: 0:02:11.
  Batch   400  of  1,053.    Elapsed: 0:02:14.
  Batch   410  of  1,053.    Elapsed: 0:02:18.
  Batch   420  of  1,053.    Elapsed: 0:02:21.
  Batch   430  of  1,053.    Elapsed: 0:02:25.
  Batch   440  of  1,053.    Elapsed: 0:02:28.
  Batch   450  of  1,053.    Elapsed: 0:02:31.
  Batch   460  of  1,053.    Elapsed: 0:02:35.
  Batch   470  of  1,053.    Elapsed: 0:02:38.
  Batch   480  of  1,053.    Elapsed: 0:02:41.
  Batch   490  of  1,053.    Elapsed: 0:02:45.
  Batch   500  of  1,053.    Elapsed: 0:02:48.
  Batch   510  of  1,053.    Elapsed: 0:02:51.
  Batch   520  of  1,053.    Elapsed: 0:02:55.
  Batch   530  of  1,053.    Elapsed: 0:02:58.
  Batch   540  of  1,053.    Elapsed: 0:03:01.
  Batch   550  of  1,053.    Elapsed: 0:03:05.
  Batch   560  of  1,053.    Elapsed: 0:03:08.
  Batch   570  of  1,053.    Elapsed: 0:03:12.
  Batch   580  of  1,053.    Elapsed: 0:03:15.
  Batch   590  of  1,053.    Elapsed: 0:03:18.
  Batch   600  of  1,053.    Elapsed: 0:03:22.
  Batch   610  of  1,053.    Elapsed: 0:03:25.
  Batch   620  of  1,053.    Elapsed: 0:03:28.
  Batch   630  of  1,053.    Elapsed: 0:03:32.
  Batch   640  of  1,053.    Elapsed: 0:03:35.
  Batch   650  of  1,053.    Elapsed: 0:03:39.
  Batch   660  of  1,053.    Elapsed: 0:03:42.
  Batch   670  of  1,053.    Elapsed: 0:03:45.
  Batch   680  of  1,053.    Elapsed: 0:03:49.
  Batch   690  of  1,053.    Elapsed: 0:03:52.
  Batch   700  of  1,053.    Elapsed: 0:03:55.
  Batch   710  of  1,053.    Elapsed: 0:03:59.
  Batch   720  of  1,053.    Elapsed: 0:04:02.
  Batch   730  of  1,053.    Elapsed: 0:04:05.
  Batch   740  of  1,053.    Elapsed: 0:04:09.
  Batch   750  of  1,053.    Elapsed: 0:04:12.
  Batch   760  of  1,053.    Elapsed: 0:04:15.
  Batch   770  of  1,053.    Elapsed: 0:04:19.
  Batch   780  of  1,053.    Elapsed: 0:04:22.
  Batch   790  of  1,053.    Elapsed: 0:04:26.
  Batch   800  of  1,053.    Elapsed: 0:04:29.
  Batch   810  of  1,053.    Elapsed: 0:04:32.
  Batch   820  of  1,053.    Elapsed: 0:04:36.
  Batch   830  of  1,053.    Elapsed: 0:04:39.
  Batch   840  of  1,053.    Elapsed: 0:04:42.
  Batch   850  of  1,053.    Elapsed: 0:04:46.
  Batch   860  of  1,053.    Elapsed: 0:04:49.
  Batch   870  of  1,053.    Elapsed: 0:04:52.
  Batch   880  of  1,053.    Elapsed: 0:04:56.
  Batch   890  of  1,053.    Elapsed: 0:04:59.
  Batch   900  of  1,053.    Elapsed: 0:05:02.
  Batch   910  of  1,053.    Elapsed: 0:05:06.
  Batch   920  of  1,053.    Elapsed: 0:05:09.
  Batch   930  of  1,053.    Elapsed: 0:05:13.
  Batch   940  of  1,053.    Elapsed: 0:05:16.
  Batch   950  of  1,053.    Elapsed: 0:05:19.
  Batch   960  of  1,053.    Elapsed: 0:05:23.
  Batch   970  of  1,053.    Elapsed: 0:05:26.
  Batch   980  of  1,053.    Elapsed: 0:05:29.
  Batch   990  of  1,053.    Elapsed: 0:05:33.
  Batch 1,000  of  1,053.    Elapsed: 0:05:36.
  Batch 1,010  of  1,053.    Elapsed: 0:05:39.
  Batch 1,020  of  1,053.    Elapsed: 0:05:43.
  Batch 1,030  of  1,053.    Elapsed: 0:05:46.
  Batch 1,040  of  1,053.    Elapsed: 0:05:50.
  Batch 1,050  of  1,053.    Elapsed: 0:05:53.

  Average training loss generetor: 0.699
  Average training loss discriminator: 0.787
  Training epcoh took: 0:05:54

Running Test...
  Accuracy: 0.884
  Test Loss: 0.327
  Test took: 0:00:01

======== Epoch 4 / 10 ========
Training...
  Batch    10  of  1,053.    Elapsed: 0:00:03.
  Batch    20  of  1,053.    Elapsed: 0:00:07.
  Batch    30  of  1,053.    Elapsed: 0:00:10.
  Batch    40  of  1,053.    Elapsed: 0:00:14.
  Batch    50  of  1,053.    Elapsed: 0:00:17.
  Batch    60  of  1,053.    Elapsed: 0:00:20.
  Batch    70  of  1,053.    Elapsed: 0:00:24.
  Batch    80  of  1,053.    Elapsed: 0:00:27.
  Batch    90  of  1,053.    Elapsed: 0:00:30.
  Batch   100  of  1,053.    Elapsed: 0:00:34.
  Batch   110  of  1,053.    Elapsed: 0:00:37.
  Batch   120  of  1,053.    Elapsed: 0:00:40.
  Batch   130  of  1,053.    Elapsed: 0:00:44.
  Batch   140  of  1,053.    Elapsed: 0:00:47.
  Batch   150  of  1,053.    Elapsed: 0:00:51.
  Batch   160  of  1,053.    Elapsed: 0:00:54.
  Batch   170  of  1,053.    Elapsed: 0:00:57.
  Batch   180  of  1,053.    Elapsed: 0:01:01.
  Batch   190  of  1,053.    Elapsed: 0:01:04.
  Batch   200  of  1,053.    Elapsed: 0:01:07.
  Batch   210  of  1,053.    Elapsed: 0:01:11.
  Batch   220  of  1,053.    Elapsed: 0:01:14.
  Batch   230  of  1,053.    Elapsed: 0:01:17.
  Batch   240  of  1,053.    Elapsed: 0:01:21.
  Batch   250  of  1,053.    Elapsed: 0:01:24.
  Batch   260  of  1,053.    Elapsed: 0:01:27.
  Batch   270  of  1,053.    Elapsed: 0:01:31.
  Batch   280  of  1,053.    Elapsed: 0:01:34.
  Batch   290  of  1,053.    Elapsed: 0:01:38.
  Batch   300  of  1,053.    Elapsed: 0:01:41.
  Batch   310  of  1,053.    Elapsed: 0:01:44.
  Batch   320  of  1,053.    Elapsed: 0:01:48.
  Batch   330  of  1,053.    Elapsed: 0:01:51.
  Batch   340  of  1,053.    Elapsed: 0:01:54.
  Batch   350  of  1,053.    Elapsed: 0:01:58.
  Batch   360  of  1,053.    Elapsed: 0:02:01.
  Batch   370  of  1,053.    Elapsed: 0:02:05.
  Batch   380  of  1,053.    Elapsed: 0:02:08.
  Batch   390  of  1,053.    Elapsed: 0:02:11.
  Batch   400  of  1,053.    Elapsed: 0:02:15.
  Batch   410  of  1,053.    Elapsed: 0:02:18.
  Batch   420  of  1,053.    Elapsed: 0:02:21.
  Batch   430  of  1,053.    Elapsed: 0:02:25.
  Batch   440  of  1,053.    Elapsed: 0:02:28.
  Batch   450  of  1,053.    Elapsed: 0:02:31.
  Batch   460  of  1,053.    Elapsed: 0:02:35.
  Batch   470  of  1,053.    Elapsed: 0:02:38.
  Batch   480  of  1,053.    Elapsed: 0:02:42.
  Batch   490  of  1,053.    Elapsed: 0:02:45.
  Batch   500  of  1,053.    Elapsed: 0:02:48.
  Batch   510  of  1,053.    Elapsed: 0:02:52.
  Batch   520  of  1,053.    Elapsed: 0:02:55.
  Batch   530  of  1,053.    Elapsed: 0:02:58.
  Batch   540  of  1,053.    Elapsed: 0:03:02.
  Batch   550  of  1,053.    Elapsed: 0:03:05.
  Batch   560  of  1,053.    Elapsed: 0:03:08.
  Batch   570  of  1,053.    Elapsed: 0:03:12.
  Batch   580  of  1,053.    Elapsed: 0:03:15.
  Batch   590  of  1,053.    Elapsed: 0:03:19.
  Batch   600  of  1,053.    Elapsed: 0:03:22.
  Batch   610  of  1,053.    Elapsed: 0:03:25.
  Batch   620  of  1,053.    Elapsed: 0:03:29.
  Batch   630  of  1,053.    Elapsed: 0:03:32.
  Batch   640  of  1,053.    Elapsed: 0:03:35.
  Batch   650  of  1,053.    Elapsed: 0:03:39.
  Batch   660  of  1,053.    Elapsed: 0:03:42.
  Batch   670  of  1,053.    Elapsed: 0:03:45.
  Batch   680  of  1,053.    Elapsed: 0:03:49.
  Batch   690  of  1,053.    Elapsed: 0:03:52.
  Batch   700  of  1,053.    Elapsed: 0:03:55.
  Batch   710  of  1,053.    Elapsed: 0:03:59.
  Batch   720  of  1,053.    Elapsed: 0:04:02.
  Batch   730  of  1,053.    Elapsed: 0:04:06.
  Batch   740  of  1,053.    Elapsed: 0:04:09.
  Batch   750  of  1,053.    Elapsed: 0:04:12.
  Batch   760  of  1,053.    Elapsed: 0:04:16.
  Batch   770  of  1,053.    Elapsed: 0:04:19.
  Batch   780  of  1,053.    Elapsed: 0:04:22.
  Batch   790  of  1,053.    Elapsed: 0:04:26.
  Batch   800  of  1,053.    Elapsed: 0:04:29.
  Batch   810  of  1,053.    Elapsed: 0:04:32.
  Batch   820  of  1,053.    Elapsed: 0:04:36.
  Batch   830  of  1,053.    Elapsed: 0:04:39.
  Batch   840  of  1,053.    Elapsed: 0:04:43.
  Batch   850  of  1,053.    Elapsed: 0:04:46.
  Batch   860  of  1,053.    Elapsed: 0:04:49.
  Batch   870  of  1,053.    Elapsed: 0:04:53.
  Batch   880  of  1,053.    Elapsed: 0:04:56.
  Batch   890  of  1,053.    Elapsed: 0:04:59.
  Batch   900  of  1,053.    Elapsed: 0:05:03.
  Batch   910  of  1,053.    Elapsed: 0:05:06.
  Batch   920  of  1,053.    Elapsed: 0:05:09.
  Batch   930  of  1,053.    Elapsed: 0:05:13.
  Batch   940  of  1,053.    Elapsed: 0:05:16.
  Batch   950  of  1,053.    Elapsed: 0:05:19.
  Batch   960  of  1,053.    Elapsed: 0:05:23.
  Batch   970  of  1,053.    Elapsed: 0:05:26.
  Batch   980  of  1,053.    Elapsed: 0:05:30.
  Batch   990  of  1,053.    Elapsed: 0:05:33.
  Batch 1,000  of  1,053.    Elapsed: 0:05:36.
  Batch 1,010  of  1,053.    Elapsed: 0:05:40.
  Batch 1,020  of  1,053.    Elapsed: 0:05:43.
  Batch 1,030  of  1,053.    Elapsed: 0:05:46.
  Batch 1,040  of  1,053.    Elapsed: 0:05:50.
  Batch 1,050  of  1,053.    Elapsed: 0:05:53.

  Average training loss generetor: 0.699
  Average training loss discriminator: 0.764
  Training epcoh took: 0:05:54

Running Test...
  Accuracy: 0.896
  Test Loss: 0.380
  Test took: 0:00:01

======== Epoch 5 / 10 ========
Training...
  Batch    10  of  1,053.    Elapsed: 0:00:03.
  Batch    20  of  1,053.    Elapsed: 0:00:07.
  Batch    30  of  1,053.    Elapsed: 0:00:10.
  Batch    40  of  1,053.    Elapsed: 0:00:13.
  Batch    50  of  1,053.    Elapsed: 0:00:17.
  Batch    60  of  1,053.    Elapsed: 0:00:20.
  Batch    70  of  1,053.    Elapsed: 0:00:23.
  Batch    80  of  1,053.    Elapsed: 0:00:27.
  Batch    90  of  1,053.    Elapsed: 0:00:30.
  Batch   100  of  1,053.    Elapsed: 0:00:34.
  Batch   110  of  1,053.    Elapsed: 0:00:37.
  Batch   120  of  1,053.    Elapsed: 0:00:40.
  Batch   130  of  1,053.    Elapsed: 0:00:44.
  Batch   140  of  1,053.    Elapsed: 0:00:47.
  Batch   150  of  1,053.    Elapsed: 0:00:50.
  Batch   160  of  1,053.    Elapsed: 0:00:54.
  Batch   170  of  1,053.    Elapsed: 0:00:57.
  Batch   180  of  1,053.    Elapsed: 0:01:00.
  Batch   190  of  1,053.    Elapsed: 0:01:04.
  Batch   200  of  1,053.    Elapsed: 0:01:07.
  Batch   210  of  1,053.    Elapsed: 0:01:11.
  Batch   220  of  1,053.    Elapsed: 0:01:14.
  Batch   230  of  1,053.    Elapsed: 0:01:17.
  Batch   240  of  1,053.    Elapsed: 0:01:21.
  Batch   250  of  1,053.    Elapsed: 0:01:24.
  Batch   260  of  1,053.    Elapsed: 0:01:27.
  Batch   270  of  1,053.    Elapsed: 0:01:31.
  Batch   280  of  1,053.    Elapsed: 0:01:34.
  Batch   290  of  1,053.    Elapsed: 0:01:38.
  Batch   300  of  1,053.    Elapsed: 0:01:41.
  Batch   310  of  1,053.    Elapsed: 0:01:44.
  Batch   320  of  1,053.    Elapsed: 0:01:48.
  Batch   330  of  1,053.    Elapsed: 0:01:51.
  Batch   340  of  1,053.    Elapsed: 0:01:54.
  Batch   350  of  1,053.    Elapsed: 0:01:58.
  Batch   360  of  1,053.    Elapsed: 0:02:01.
  Batch   370  of  1,053.    Elapsed: 0:02:04.
  Batch   380  of  1,053.    Elapsed: 0:02:08.
  Batch   390  of  1,053.    Elapsed: 0:02:11.
  Batch   400  of  1,053.    Elapsed: 0:02:15.
  Batch   410  of  1,053.    Elapsed: 0:02:18.
  Batch   420  of  1,053.    Elapsed: 0:02:21.
  Batch   430  of  1,053.    Elapsed: 0:02:25.
  Batch   440  of  1,053.    Elapsed: 0:02:28.
  Batch   450  of  1,053.    Elapsed: 0:02:31.
  Batch   460  of  1,053.    Elapsed: 0:02:35.
  Batch   470  of  1,053.    Elapsed: 0:02:38.
  Batch   480  of  1,053.    Elapsed: 0:02:42.
  Batch   490  of  1,053.    Elapsed: 0:02:45.
  Batch   500  of  1,053.    Elapsed: 0:02:48.
  Batch   510  of  1,053.    Elapsed: 0:02:52.
  Batch   520  of  1,053.    Elapsed: 0:02:55.
  Batch   530  of  1,053.    Elapsed: 0:02:58.
  Batch   540  of  1,053.    Elapsed: 0:03:02.
  Batch   550  of  1,053.    Elapsed: 0:03:05.
  Batch   560  of  1,053.    Elapsed: 0:03:08.
  Batch   570  of  1,053.    Elapsed: 0:03:12.
  Batch   580  of  1,053.    Elapsed: 0:03:15.
  Batch   590  of  1,053.    Elapsed: 0:03:18.
  Batch   600  of  1,053.    Elapsed: 0:03:22.
  Batch   610  of  1,053.    Elapsed: 0:03:25.
  Batch   620  of  1,053.    Elapsed: 0:03:29.
  Batch   630  of  1,053.    Elapsed: 0:03:32.
  Batch   640  of  1,053.    Elapsed: 0:03:35.
  Batch   650  of  1,053.    Elapsed: 0:03:39.
  Batch   660  of  1,053.    Elapsed: 0:03:42.
  Batch   670  of  1,053.    Elapsed: 0:03:45.
  Batch   680  of  1,053.    Elapsed: 0:03:49.
  Batch   690  of  1,053.    Elapsed: 0:03:52.
  Batch   700  of  1,053.    Elapsed: 0:03:55.
  Batch   710  of  1,053.    Elapsed: 0:03:59.
  Batch   720  of  1,053.    Elapsed: 0:04:02.
  Batch   730  of  1,053.    Elapsed: 0:04:06.
  Batch   740  of  1,053.    Elapsed: 0:04:09.
  Batch   750  of  1,053.    Elapsed: 0:04:12.
  Batch   760  of  1,053.    Elapsed: 0:04:16.
  Batch   770  of  1,053.    Elapsed: 0:04:19.
  Batch   780  of  1,053.    Elapsed: 0:04:22.
  Batch   790  of  1,053.    Elapsed: 0:04:26.
  Batch   800  of  1,053.    Elapsed: 0:04:29.
  Batch   810  of  1,053.    Elapsed: 0:04:32.
  Batch   820  of  1,053.    Elapsed: 0:04:36.
  Batch   830  of  1,053.    Elapsed: 0:04:39.
  Batch   840  of  1,053.    Elapsed: 0:04:43.
  Batch   850  of  1,053.    Elapsed: 0:04:46.
  Batch   860  of  1,053.    Elapsed: 0:04:49.
  Batch   870  of  1,053.    Elapsed: 0:04:53.
  Batch   880  of  1,053.    Elapsed: 0:04:56.
  Batch   890  of  1,053.    Elapsed: 0:04:59.
  Batch   900  of  1,053.    Elapsed: 0:05:03.
  Batch   910  of  1,053.    Elapsed: 0:05:06.
  Batch   920  of  1,053.    Elapsed: 0:05:09.
  Batch   930  of  1,053.    Elapsed: 0:05:13.
  Batch   940  of  1,053.    Elapsed: 0:05:16.
  Batch   950  of  1,053.    Elapsed: 0:05:19.
  Batch   960  of  1,053.    Elapsed: 0:05:23.
  Batch   970  of  1,053.    Elapsed: 0:05:26.
  Batch   980  of  1,053.    Elapsed: 0:05:30.
  Batch   990  of  1,053.    Elapsed: 0:05:33.
  Batch 1,000  of  1,053.    Elapsed: 0:05:36.
  Batch 1,010  of  1,053.    Elapsed: 0:05:40.
  Batch 1,020  of  1,053.    Elapsed: 0:05:43.
  Batch 1,030  of  1,053.    Elapsed: 0:05:46.
  Batch 1,040  of  1,053.    Elapsed: 0:05:50.
  Batch 1,050  of  1,053.    Elapsed: 0:05:53.

  Average training loss generetor: 0.698
  Average training loss discriminator: 0.748
  Training epcoh took: 0:05:54

Running Test...
  Accuracy: 0.909
  Test Loss: 0.289
  Test took: 0:00:01

======== Epoch 6 / 10 ========
Training...
  Batch    10  of  1,053.    Elapsed: 0:00:03.
  Batch    20  of  1,053.    Elapsed: 0:00:07.
  Batch    30  of  1,053.    Elapsed: 0:00:10.
  Batch    40  of  1,053.    Elapsed: 0:00:13.
  Batch    50  of  1,053.    Elapsed: 0:00:17.
  Batch    60  of  1,053.    Elapsed: 0:00:20.
  Batch    70  of  1,053.    Elapsed: 0:00:23.
  Batch    80  of  1,053.    Elapsed: 0:00:27.
  Batch    90  of  1,053.    Elapsed: 0:00:30.
  Batch   100  of  1,053.    Elapsed: 0:00:34.
  Batch   110  of  1,053.    Elapsed: 0:00:37.
  Batch   120  of  1,053.    Elapsed: 0:00:40.
  Batch   130  of  1,053.    Elapsed: 0:00:44.
  Batch   140  of  1,053.    Elapsed: 0:00:47.
  Batch   150  of  1,053.    Elapsed: 0:00:50.
  Batch   160  of  1,053.    Elapsed: 0:00:54.
  Batch   170  of  1,053.    Elapsed: 0:00:57.
  Batch   180  of  1,053.    Elapsed: 0:01:01.
  Batch   190  of  1,053.    Elapsed: 0:01:04.
  Batch   200  of  1,053.    Elapsed: 0:01:07.
  Batch   210  of  1,053.    Elapsed: 0:01:11.
  Batch   220  of  1,053.    Elapsed: 0:01:14.
  Batch   230  of  1,053.    Elapsed: 0:01:17.
  Batch   240  of  1,053.    Elapsed: 0:01:21.
  Batch   250  of  1,053.    Elapsed: 0:01:24.
  Batch   260  of  1,053.    Elapsed: 0:01:28.
  Batch   270  of  1,053.    Elapsed: 0:01:31.
  Batch   280  of  1,053.    Elapsed: 0:01:34.
  Batch   290  of  1,053.    Elapsed: 0:01:38.
  Batch   300  of  1,053.    Elapsed: 0:01:41.
  Batch   310  of  1,053.    Elapsed: 0:01:44.
  Batch   320  of  1,053.    Elapsed: 0:01:48.
  Batch   330  of  1,053.    Elapsed: 0:01:51.
  Batch   340  of  1,053.    Elapsed: 0:01:54.
  Batch   350  of  1,053.    Elapsed: 0:01:58.
  Batch   360  of  1,053.    Elapsed: 0:02:01.
  Batch   370  of  1,053.    Elapsed: 0:02:04.
  Batch   380  of  1,053.    Elapsed: 0:02:08.
  Batch   390  of  1,053.    Elapsed: 0:02:11.
  Batch   400  of  1,053.    Elapsed: 0:02:15.
  Batch   410  of  1,053.    Elapsed: 0:02:18.
  Batch   420  of  1,053.    Elapsed: 0:02:21.
  Batch   430  of  1,053.    Elapsed: 0:02:25.
  Batch   440  of  1,053.    Elapsed: 0:02:28.
  Batch   450  of  1,053.    Elapsed: 0:02:31.
  Batch   460  of  1,053.    Elapsed: 0:02:35.
  Batch   470  of  1,053.    Elapsed: 0:02:38.
  Batch   480  of  1,053.    Elapsed: 0:02:41.
  Batch   490  of  1,053.    Elapsed: 0:02:45.
  Batch   500  of  1,053.    Elapsed: 0:02:48.
  Batch   510  of  1,053.    Elapsed: 0:02:52.
  Batch   520  of  1,053.    Elapsed: 0:02:55.
  Batch   530  of  1,053.    Elapsed: 0:02:58.
  Batch   540  of  1,053.    Elapsed: 0:03:02.
  Batch   550  of  1,053.    Elapsed: 0:03:05.
  Batch   560  of  1,053.    Elapsed: 0:03:08.
  Batch   570  of  1,053.    Elapsed: 0:03:12.
  Batch   580  of  1,053.    Elapsed: 0:03:15.
  Batch   590  of  1,053.    Elapsed: 0:03:18.
  Batch   600  of  1,053.    Elapsed: 0:03:22.
  Batch   610  of  1,053.    Elapsed: 0:03:25.
  Batch   620  of  1,053.    Elapsed: 0:03:29.
  Batch   630  of  1,053.    Elapsed: 0:03:32.
  Batch   640  of  1,053.    Elapsed: 0:03:35.
  Batch   650  of  1,053.    Elapsed: 0:03:39.
  Batch   660  of  1,053.    Elapsed: 0:03:42.
  Batch   670  of  1,053.    Elapsed: 0:03:45.
  Batch   680  of  1,053.    Elapsed: 0:03:49.
  Batch   690  of  1,053.    Elapsed: 0:03:52.
  Batch   700  of  1,053.    Elapsed: 0:03:55.
  Batch   710  of  1,053.    Elapsed: 0:03:59.
  Batch   720  of  1,053.    Elapsed: 0:04:02.
  Batch   730  of  1,053.    Elapsed: 0:04:06.
  Batch   740  of  1,053.    Elapsed: 0:04:09.
  Batch   750  of  1,053.    Elapsed: 0:04:12.
  Batch   760  of  1,053.    Elapsed: 0:04:16.
  Batch   770  of  1,053.    Elapsed: 0:04:19.
  Batch   780  of  1,053.    Elapsed: 0:04:22.
  Batch   790  of  1,053.    Elapsed: 0:04:26.
  Batch   800  of  1,053.    Elapsed: 0:04:29.
  Batch   810  of  1,053.    Elapsed: 0:04:32.
  Batch   820  of  1,053.    Elapsed: 0:04:36.
  Batch   830  of  1,053.    Elapsed: 0:04:39.
  Batch   840  of  1,053.    Elapsed: 0:04:43.
  Batch   850  of  1,053.    Elapsed: 0:04:46.
  Batch   860  of  1,053.    Elapsed: 0:04:49.
  Batch   870  of  1,053.    Elapsed: 0:04:53.
  Batch   880  of  1,053.    Elapsed: 0:04:56.
  Batch   890  of  1,053.    Elapsed: 0:04:59.
  Batch   900  of  1,053.    Elapsed: 0:05:03.
  Batch   910  of  1,053.    Elapsed: 0:05:06.
  Batch   920  of  1,053.    Elapsed: 0:05:09.
  Batch   930  of  1,053.    Elapsed: 0:05:13.
  Batch   940  of  1,053.    Elapsed: 0:05:16.
  Batch   950  of  1,053.    Elapsed: 0:05:20.
  Batch   960  of  1,053.    Elapsed: 0:05:23.
  Batch   970  of  1,053.    Elapsed: 0:05:26.
  Batch   980  of  1,053.    Elapsed: 0:05:30.
  Batch   990  of  1,053.    Elapsed: 0:05:33.
  Batch 1,000  of  1,053.    Elapsed: 0:05:36.
  Batch 1,010  of  1,053.    Elapsed: 0:05:40.
  Batch 1,020  of  1,053.    Elapsed: 0:05:43.
  Batch 1,030  of  1,053.    Elapsed: 0:05:46.
  Batch 1,040  of  1,053.    Elapsed: 0:05:50.
  Batch 1,050  of  1,053.    Elapsed: 0:05:53.

  Average training loss generetor: 0.697
  Average training loss discriminator: 0.739
  Training epcoh took: 0:05:54

Running Test...
  Accuracy: 0.899
  Test Loss: 0.327
  Test took: 0:00:01

======== Epoch 7 / 10 ========
Training...
  Batch    10  of  1,053.    Elapsed: 0:00:03.
  Batch    20  of  1,053.    Elapsed: 0:00:07.
  Batch    30  of  1,053.    Elapsed: 0:00:10.
  Batch    40  of  1,053.    Elapsed: 0:00:13.
  Batch    50  of  1,053.    Elapsed: 0:00:17.
  Batch    60  of  1,053.    Elapsed: 0:00:20.
  Batch    70  of  1,053.    Elapsed: 0:00:24.
  Batch    80  of  1,053.    Elapsed: 0:00:27.
  Batch    90  of  1,053.    Elapsed: 0:00:30.
  Batch   100  of  1,053.    Elapsed: 0:00:34.
  Batch   110  of  1,053.    Elapsed: 0:00:37.
  Batch   120  of  1,053.    Elapsed: 0:00:40.
  Batch   130  of  1,053.    Elapsed: 0:00:44.
  Batch   140  of  1,053.    Elapsed: 0:00:47.
  Batch   150  of  1,053.    Elapsed: 0:00:51.
  Batch   160  of  1,053.    Elapsed: 0:00:54.
  Batch   170  of  1,053.    Elapsed: 0:00:57.
  Batch   180  of  1,053.    Elapsed: 0:01:01.
  Batch   190  of  1,053.    Elapsed: 0:01:04.
  Batch   200  of  1,053.    Elapsed: 0:01:07.
  Batch   210  of  1,053.    Elapsed: 0:01:11.
  Batch   220  of  1,053.    Elapsed: 0:01:14.
  Batch   230  of  1,053.    Elapsed: 0:01:17.
  Batch   240  of  1,053.    Elapsed: 0:01:21.
  Batch   250  of  1,053.    Elapsed: 0:01:24.
  Batch   260  of  1,053.    Elapsed: 0:01:28.
  Batch   270  of  1,053.    Elapsed: 0:01:31.
  Batch   280  of  1,053.    Elapsed: 0:01:34.
  Batch   290  of  1,053.    Elapsed: 0:01:38.
  Batch   300  of  1,053.    Elapsed: 0:01:41.
  Batch   310  of  1,053.    Elapsed: 0:01:44.
  Batch   320  of  1,053.    Elapsed: 0:01:48.
  Batch   330  of  1,053.    Elapsed: 0:01:51.
  Batch   340  of  1,053.    Elapsed: 0:01:54.
  Batch   350  of  1,053.    Elapsed: 0:01:58.
  Batch   360  of  1,053.    Elapsed: 0:02:01.
  Batch   370  of  1,053.    Elapsed: 0:02:04.
  Batch   380  of  1,053.    Elapsed: 0:02:08.
  Batch   390  of  1,053.    Elapsed: 0:02:11.
  Batch   400  of  1,053.    Elapsed: 0:02:15.
  Batch   410  of  1,053.    Elapsed: 0:02:18.
  Batch   420  of  1,053.    Elapsed: 0:02:21.
  Batch   430  of  1,053.    Elapsed: 0:02:25.
  Batch   440  of  1,053.    Elapsed: 0:02:28.
  Batch   450  of  1,053.    Elapsed: 0:02:31.
  Batch   460  of  1,053.    Elapsed: 0:02:35.
  Batch   470  of  1,053.    Elapsed: 0:02:38.
  Batch   480  of  1,053.    Elapsed: 0:02:41.
  Batch   490  of  1,053.    Elapsed: 0:02:45.
  Batch   500  of  1,053.    Elapsed: 0:02:48.
  Batch   510  of  1,053.    Elapsed: 0:02:52.
  Batch   520  of  1,053.    Elapsed: 0:02:55.
  Batch   530  of  1,053.    Elapsed: 0:02:58.
  Batch   540  of  1,053.    Elapsed: 0:03:02.
  Batch   550  of  1,053.    Elapsed: 0:03:05.
  Batch   560  of  1,053.    Elapsed: 0:03:08.
  Batch   570  of  1,053.    Elapsed: 0:03:12.
  Batch   580  of  1,053.    Elapsed: 0:03:15.
  Batch   590  of  1,053.    Elapsed: 0:03:18.
  Batch   600  of  1,053.    Elapsed: 0:03:22.
  Batch   610  of  1,053.    Elapsed: 0:03:25.
  Batch   620  of  1,053.    Elapsed: 0:03:29.
  Batch   630  of  1,053.    Elapsed: 0:03:32.
  Batch   640  of  1,053.    Elapsed: 0:03:35.
  Batch   650  of  1,053.    Elapsed: 0:03:39.
  Batch   660  of  1,053.    Elapsed: 0:03:42.
  Batch   670  of  1,053.    Elapsed: 0:03:45.
  Batch   680  of  1,053.    Elapsed: 0:03:49.
  Batch   690  of  1,053.    Elapsed: 0:03:52.
  Batch   700  of  1,053.    Elapsed: 0:03:55.
  Batch   710  of  1,053.    Elapsed: 0:03:59.
  Batch   720  of  1,053.    Elapsed: 0:04:02.
  Batch   730  of  1,053.    Elapsed: 0:04:06.
  Batch   740  of  1,053.    Elapsed: 0:04:09.
  Batch   750  of  1,053.    Elapsed: 0:04:12.
  Batch   760  of  1,053.    Elapsed: 0:04:16.
  Batch   770  of  1,053.    Elapsed: 0:04:19.
  Batch   780  of  1,053.    Elapsed: 0:04:22.
  Batch   790  of  1,053.    Elapsed: 0:04:26.
  Batch   800  of  1,053.    Elapsed: 0:04:29.
  Batch   810  of  1,053.    Elapsed: 0:04:33.
  Batch   820  of  1,053.    Elapsed: 0:04:36.
  Batch   830  of  1,053.    Elapsed: 0:04:39.
  Batch   840  of  1,053.    Elapsed: 0:04:43.
  Batch   850  of  1,053.    Elapsed: 0:04:46.
  Batch   860  of  1,053.    Elapsed: 0:04:49.
  Batch   870  of  1,053.    Elapsed: 0:04:53.
  Batch   880  of  1,053.    Elapsed: 0:04:56.
  Batch   890  of  1,053.    Elapsed: 0:04:59.
  Batch   900  of  1,053.    Elapsed: 0:05:03.
  Batch   910  of  1,053.    Elapsed: 0:05:06.
  Batch   920  of  1,053.    Elapsed: 0:05:09.
  Batch   930  of  1,053.    Elapsed: 0:05:13.
  Batch   940  of  1,053.    Elapsed: 0:05:16.
  Batch   950  of  1,053.    Elapsed: 0:05:20.
  Batch   960  of  1,053.    Elapsed: 0:05:23.
  Batch   970  of  1,053.    Elapsed: 0:05:26.
  Batch   980  of  1,053.    Elapsed: 0:05:30.
  Batch   990  of  1,053.    Elapsed: 0:05:33.
  Batch 1,000  of  1,053.    Elapsed: 0:05:36.
  Batch 1,010  of  1,053.    Elapsed: 0:05:40.
  Batch 1,020  of  1,053.    Elapsed: 0:05:43.
  Batch 1,030  of  1,053.    Elapsed: 0:05:47.
  Batch 1,040  of  1,053.    Elapsed: 0:05:50.
  Batch 1,050  of  1,053.    Elapsed: 0:05:53.

  Average training loss generetor: 0.697
  Average training loss discriminator: 0.736
  Training epcoh took: 0:05:54

Running Test...
  Accuracy: 0.885
  Test Loss: 0.463
  Test took: 0:00:01

======== Epoch 8 / 10 ========
Training...
  Batch    10  of  1,053.    Elapsed: 0:00:03.
  Batch    20  of  1,053.    Elapsed: 0:00:07.
  Batch    30  of  1,053.    Elapsed: 0:00:10.
  Batch    40  of  1,053.    Elapsed: 0:00:14.
  Batch    50  of  1,053.    Elapsed: 0:00:17.
  Batch    60  of  1,053.    Elapsed: 0:00:20.
  Batch    70  of  1,053.    Elapsed: 0:00:24.
  Batch    80  of  1,053.    Elapsed: 0:00:27.
  Batch    90  of  1,053.    Elapsed: 0:00:30.
  Batch   100  of  1,053.    Elapsed: 0:00:34.
  Batch   110  of  1,053.    Elapsed: 0:00:37.
  Batch   120  of  1,053.    Elapsed: 0:00:40.
  Batch   130  of  1,053.    Elapsed: 0:00:44.
  Batch   140  of  1,053.    Elapsed: 0:00:47.
  Batch   150  of  1,053.    Elapsed: 0:00:51.
  Batch   160  of  1,053.    Elapsed: 0:00:54.
  Batch   170  of  1,053.    Elapsed: 0:00:57.
  Batch   180  of  1,053.    Elapsed: 0:01:01.
  Batch   190  of  1,053.    Elapsed: 0:01:04.
  Batch   200  of  1,053.    Elapsed: 0:01:07.
  Batch   210  of  1,053.    Elapsed: 0:01:11.
  Batch   220  of  1,053.    Elapsed: 0:01:14.
  Batch   230  of  1,053.    Elapsed: 0:01:17.
  Batch   240  of  1,053.    Elapsed: 0:01:21.
  Batch   250  of  1,053.    Elapsed: 0:01:24.
  Batch   260  of  1,053.    Elapsed: 0:01:28.
  Batch   270  of  1,053.    Elapsed: 0:01:31.
  Batch   280  of  1,053.    Elapsed: 0:01:34.
  Batch   290  of  1,053.    Elapsed: 0:01:38.
  Batch   300  of  1,053.    Elapsed: 0:01:41.
  Batch   310  of  1,053.    Elapsed: 0:01:44.
  Batch   320  of  1,053.    Elapsed: 0:01:48.
  Batch   330  of  1,053.    Elapsed: 0:01:51.
  Batch   340  of  1,053.    Elapsed: 0:01:54.
  Batch   350  of  1,053.    Elapsed: 0:01:58.
  Batch   360  of  1,053.    Elapsed: 0:02:01.
  Batch   370  of  1,053.    Elapsed: 0:02:04.
  Batch   380  of  1,053.    Elapsed: 0:02:08.
  Batch   390  of  1,053.    Elapsed: 0:02:11.
  Batch   400  of  1,053.    Elapsed: 0:02:15.
  Batch   410  of  1,053.    Elapsed: 0:02:18.
  Batch   420  of  1,053.    Elapsed: 0:02:21.
  Batch   430  of  1,053.    Elapsed: 0:02:25.
  Batch   440  of  1,053.    Elapsed: 0:02:28.
  Batch   450  of  1,053.    Elapsed: 0:02:31.
  Batch   460  of  1,053.    Elapsed: 0:02:35.
  Batch   470  of  1,053.    Elapsed: 0:02:38.
  Batch   480  of  1,053.    Elapsed: 0:02:42.
  Batch   490  of  1,053.    Elapsed: 0:02:45.
  Batch   500  of  1,053.    Elapsed: 0:02:48.
  Batch   510  of  1,053.    Elapsed: 0:02:52.
  Batch   520  of  1,053.    Elapsed: 0:02:55.
  Batch   530  of  1,053.    Elapsed: 0:02:59.
  Batch   540  of  1,053.    Elapsed: 0:03:02.
  Batch   550  of  1,053.    Elapsed: 0:03:05.
  Batch   560  of  1,053.    Elapsed: 0:03:09.
  Batch   570  of  1,053.    Elapsed: 0:03:12.
  Batch   580  of  1,053.    Elapsed: 0:03:15.
  Batch   590  of  1,053.    Elapsed: 0:03:19.
  Batch   600  of  1,053.    Elapsed: 0:03:22.
  Batch   610  of  1,053.    Elapsed: 0:03:25.
  Batch   620  of  1,053.    Elapsed: 0:03:29.
  Batch   630  of  1,053.    Elapsed: 0:03:32.
  Batch   640  of  1,053.    Elapsed: 0:03:36.
  Batch   650  of  1,053.    Elapsed: 0:03:39.
  Batch   660  of  1,053.    Elapsed: 0:03:42.
  Batch   670  of  1,053.    Elapsed: 0:03:46.
  Batch   680  of  1,053.    Elapsed: 0:03:49.
  Batch   690  of  1,053.    Elapsed: 0:03:52.
  Batch   700  of  1,053.    Elapsed: 0:03:56.
  Batch   710  of  1,053.    Elapsed: 0:03:59.
  Batch   720  of  1,053.    Elapsed: 0:04:03.
  Batch   730  of  1,053.    Elapsed: 0:04:06.
  Batch   740  of  1,053.    Elapsed: 0:04:09.
  Batch   750  of  1,053.    Elapsed: 0:04:13.
  Batch   760  of  1,053.    Elapsed: 0:04:16.
  Batch   770  of  1,053.    Elapsed: 0:04:19.
  Batch   780  of  1,053.    Elapsed: 0:04:23.
  Batch   790  of  1,053.    Elapsed: 0:04:26.
  Batch   800  of  1,053.    Elapsed: 0:04:30.
  Batch   810  of  1,053.    Elapsed: 0:04:33.
  Batch   820  of  1,053.    Elapsed: 0:04:36.
  Batch   830  of  1,053.    Elapsed: 0:04:40.
  Batch   840  of  1,053.    Elapsed: 0:04:43.
  Batch   850  of  1,053.    Elapsed: 0:04:46.
  Batch   860  of  1,053.    Elapsed: 0:04:50.
  Batch   870  of  1,053.    Elapsed: 0:04:53.
  Batch   880  of  1,053.    Elapsed: 0:04:56.
  Batch   890  of  1,053.    Elapsed: 0:05:00.
  Batch   900  of  1,053.    Elapsed: 0:05:03.
  Batch   910  of  1,053.    Elapsed: 0:05:07.
  Batch   920  of  1,053.    Elapsed: 0:05:10.
  Batch   930  of  1,053.    Elapsed: 0:05:13.
  Batch   940  of  1,053.    Elapsed: 0:05:17.
  Batch   950  of  1,053.    Elapsed: 0:05:20.
  Batch   960  of  1,053.    Elapsed: 0:05:23.
  Batch   970  of  1,053.    Elapsed: 0:05:27.
  Batch   980  of  1,053.    Elapsed: 0:05:30.
  Batch   990  of  1,053.    Elapsed: 0:05:34.
  Batch 1,000  of  1,053.    Elapsed: 0:05:37.
  Batch 1,010  of  1,053.    Elapsed: 0:05:40.
  Batch 1,020  of  1,053.    Elapsed: 0:05:44.
  Batch 1,030  of  1,053.    Elapsed: 0:05:47.
  Batch 1,040  of  1,053.    Elapsed: 0:05:51.
  Batch 1,050  of  1,053.    Elapsed: 0:05:54.

  Average training loss generetor: 0.697
  Average training loss discriminator: 0.730
  Training epcoh took: 0:05:55

Running Test...
  Accuracy: 0.898
  Test Loss: 0.344
  Test took: 0:00:01

======== Epoch 9 / 10 ========
Training...
  Batch    10  of  1,053.    Elapsed: 0:00:03.
  Batch    20  of  1,053.    Elapsed: 0:00:07.
  Batch    30  of  1,053.    Elapsed: 0:00:10.
  Batch    40  of  1,053.    Elapsed: 0:00:13.
  Batch    50  of  1,053.    Elapsed: 0:00:17.
  Batch    60  of  1,053.    Elapsed: 0:00:20.
  Batch    70  of  1,053.    Elapsed: 0:00:24.
  Batch    80  of  1,053.    Elapsed: 0:00:27.
  Batch    90  of  1,053.    Elapsed: 0:00:30.
  Batch   100  of  1,053.    Elapsed: 0:00:34.
  Batch   110  of  1,053.    Elapsed: 0:00:37.
  Batch   120  of  1,053.    Elapsed: 0:00:41.
  Batch   130  of  1,053.    Elapsed: 0:00:44.
  Batch   140  of  1,053.    Elapsed: 0:00:47.
  Batch   150  of  1,053.    Elapsed: 0:00:51.
  Batch   160  of  1,053.    Elapsed: 0:00:54.
  Batch   170  of  1,053.    Elapsed: 0:00:57.
  Batch   180  of  1,053.    Elapsed: 0:01:01.
  Batch   190  of  1,053.    Elapsed: 0:01:04.
  Batch   200  of  1,053.    Elapsed: 0:01:07.
  Batch   210  of  1,053.    Elapsed: 0:01:11.
  Batch   220  of  1,053.    Elapsed: 0:01:14.
  Batch   230  of  1,053.    Elapsed: 0:01:18.
  Batch   240  of  1,053.    Elapsed: 0:01:21.
  Batch   250  of  1,053.    Elapsed: 0:01:24.
  Batch   260  of  1,053.    Elapsed: 0:01:28.
  Batch   270  of  1,053.    Elapsed: 0:01:31.
  Batch   280  of  1,053.    Elapsed: 0:01:34.
  Batch   290  of  1,053.    Elapsed: 0:01:38.
  Batch   300  of  1,053.    Elapsed: 0:01:41.
  Batch   310  of  1,053.    Elapsed: 0:01:44.
  Batch   320  of  1,053.    Elapsed: 0:01:48.
  Batch   330  of  1,053.    Elapsed: 0:01:51.
  Batch   340  of  1,053.    Elapsed: 0:01:55.
  Batch   350  of  1,053.    Elapsed: 0:01:58.
  Batch   360  of  1,053.    Elapsed: 0:02:01.
  Batch   370  of  1,053.    Elapsed: 0:02:05.
  Batch   380  of  1,053.    Elapsed: 0:02:08.
  Batch   390  of  1,053.    Elapsed: 0:02:11.
  Batch   400  of  1,053.    Elapsed: 0:02:15.
  Batch   410  of  1,053.    Elapsed: 0:02:18.
  Batch   420  of  1,053.    Elapsed: 0:02:21.
  Batch   430  of  1,053.    Elapsed: 0:02:25.
  Batch   440  of  1,053.    Elapsed: 0:02:28.
  Batch   450  of  1,053.    Elapsed: 0:02:32.
  Batch   460  of  1,053.    Elapsed: 0:02:35.
  Batch   470  of  1,053.    Elapsed: 0:02:38.
  Batch   480  of  1,053.    Elapsed: 0:02:42.
  Batch   490  of  1,053.    Elapsed: 0:02:45.
  Batch   500  of  1,053.    Elapsed: 0:02:48.
  Batch   510  of  1,053.    Elapsed: 0:02:52.
  Batch   520  of  1,053.    Elapsed: 0:02:55.
  Batch   530  of  1,053.    Elapsed: 0:02:58.
  Batch   540  of  1,053.    Elapsed: 0:03:02.
  Batch   550  of  1,053.    Elapsed: 0:03:05.
  Batch   560  of  1,053.    Elapsed: 0:03:09.
  Batch   570  of  1,053.    Elapsed: 0:03:12.
  Batch   580  of  1,053.    Elapsed: 0:03:15.
  Batch   590  of  1,053.    Elapsed: 0:03:19.
  Batch   600  of  1,053.    Elapsed: 0:03:22.
  Batch   610  of  1,053.    Elapsed: 0:03:25.
  Batch   620  of  1,053.    Elapsed: 0:03:29.
  Batch   630  of  1,053.    Elapsed: 0:03:32.
  Batch   640  of  1,053.    Elapsed: 0:03:35.
  Batch   650  of  1,053.    Elapsed: 0:03:39.
  Batch   660  of  1,053.    Elapsed: 0:03:42.
  Batch   670  of  1,053.    Elapsed: 0:03:46.
  Batch   680  of  1,053.    Elapsed: 0:03:49.
  Batch   690  of  1,053.    Elapsed: 0:03:52.
  Batch   700  of  1,053.    Elapsed: 0:03:56.
  Batch   710  of  1,053.    Elapsed: 0:03:59.
  Batch   720  of  1,053.    Elapsed: 0:04:02.
  Batch   730  of  1,053.    Elapsed: 0:04:06.
  Batch   740  of  1,053.    Elapsed: 0:04:09.
  Batch   750  of  1,053.    Elapsed: 0:04:13.
  Batch   760  of  1,053.    Elapsed: 0:04:16.
  Batch   770  of  1,053.    Elapsed: 0:04:19.
  Batch   780  of  1,053.    Elapsed: 0:04:23.
  Batch   790  of  1,053.    Elapsed: 0:04:26.
  Batch   800  of  1,053.    Elapsed: 0:04:29.
  Batch   810  of  1,053.    Elapsed: 0:04:33.
  Batch   820  of  1,053.    Elapsed: 0:04:36.
  Batch   830  of  1,053.    Elapsed: 0:04:40.
  Batch   840  of  1,053.    Elapsed: 0:04:43.
  Batch   850  of  1,053.    Elapsed: 0:04:46.
  Batch   860  of  1,053.    Elapsed: 0:04:50.
  Batch   870  of  1,053.    Elapsed: 0:04:53.
  Batch   880  of  1,053.    Elapsed: 0:04:56.
  Batch   890  of  1,053.    Elapsed: 0:05:00.
  Batch   900  of  1,053.    Elapsed: 0:05:03.
  Batch   910  of  1,053.    Elapsed: 0:05:06.
  Batch   920  of  1,053.    Elapsed: 0:05:10.
  Batch   930  of  1,053.    Elapsed: 0:05:13.
  Batch   940  of  1,053.    Elapsed: 0:05:16.
  Batch   950  of  1,053.    Elapsed: 0:05:20.
  Batch   960  of  1,053.    Elapsed: 0:05:23.
  Batch   970  of  1,053.    Elapsed: 0:05:27.
  Batch   980  of  1,053.    Elapsed: 0:05:30.
  Batch   990  of  1,053.    Elapsed: 0:05:33.
  Batch 1,000  of  1,053.    Elapsed: 0:05:37.
  Batch 1,010  of  1,053.    Elapsed: 0:05:40.
  Batch 1,020  of  1,053.    Elapsed: 0:05:43.
  Batch 1,030  of  1,053.    Elapsed: 0:05:47.
  Batch 1,040  of  1,053.    Elapsed: 0:05:50.
  Batch 1,050  of  1,053.    Elapsed: 0:05:54.

  Average training loss generetor: 0.696
  Average training loss discriminator: 0.727
  Training epcoh took: 0:05:54

Running Test...
  Accuracy: 0.890
  Test Loss: 0.386
  Test took: 0:00:01

======== Epoch 10 / 10 ========
Training...
  Batch    10  of  1,053.    Elapsed: 0:00:03.
  Batch    20  of  1,053.    Elapsed: 0:00:07.
  Batch    30  of  1,053.    Elapsed: 0:00:10.
  Batch    40  of  1,053.    Elapsed: 0:00:13.
  Batch    50  of  1,053.    Elapsed: 0:00:17.
  Batch    60  of  1,053.    Elapsed: 0:00:20.
  Batch    70  of  1,053.    Elapsed: 0:00:24.
  Batch    80  of  1,053.    Elapsed: 0:00:27.
  Batch    90  of  1,053.    Elapsed: 0:00:30.
  Batch   100  of  1,053.    Elapsed: 0:00:34.
  Batch   110  of  1,053.    Elapsed: 0:00:37.
  Batch   120  of  1,053.    Elapsed: 0:00:40.
  Batch   130  of  1,053.    Elapsed: 0:00:44.
  Batch   140  of  1,053.    Elapsed: 0:00:47.
  Batch   150  of  1,053.    Elapsed: 0:00:51.
  Batch   160  of  1,053.    Elapsed: 0:00:54.
  Batch   170  of  1,053.    Elapsed: 0:00:57.
  Batch   180  of  1,053.    Elapsed: 0:01:01.
  Batch   190  of  1,053.    Elapsed: 0:01:04.
  Batch   200  of  1,053.    Elapsed: 0:01:07.
  Batch   210  of  1,053.    Elapsed: 0:01:11.
  Batch   220  of  1,053.    Elapsed: 0:01:14.
  Batch   230  of  1,053.    Elapsed: 0:01:18.
  Batch   240  of  1,053.    Elapsed: 0:01:21.
  Batch   250  of  1,053.    Elapsed: 0:01:24.
  Batch   260  of  1,053.    Elapsed: 0:01:28.
  Batch   270  of  1,053.    Elapsed: 0:01:31.
  Batch   280  of  1,053.    Elapsed: 0:01:34.
  Batch   290  of  1,053.    Elapsed: 0:01:38.
  Batch   300  of  1,053.    Elapsed: 0:01:41.
  Batch   310  of  1,053.    Elapsed: 0:01:45.
  Batch   320  of  1,053.    Elapsed: 0:01:48.
  Batch   330  of  1,053.    Elapsed: 0:01:51.
  Batch   340  of  1,053.    Elapsed: 0:01:55.
  Batch   350  of  1,053.    Elapsed: 0:01:58.
  Batch   360  of  1,053.    Elapsed: 0:02:01.
  Batch   370  of  1,053.    Elapsed: 0:02:05.
  Batch   380  of  1,053.    Elapsed: 0:02:08.
  Batch   390  of  1,053.    Elapsed: 0:02:11.
  Batch   400  of  1,053.    Elapsed: 0:02:15.
  Batch   410  of  1,053.    Elapsed: 0:02:18.
  Batch   420  of  1,053.    Elapsed: 0:02:22.
  Batch   430  of  1,053.    Elapsed: 0:02:25.
  Batch   440  of  1,053.    Elapsed: 0:02:28.
  Batch   450  of  1,053.    Elapsed: 0:02:32.
  Batch   460  of  1,053.    Elapsed: 0:02:35.
  Batch   470  of  1,053.    Elapsed: 0:02:38.
  Batch   480  of  1,053.    Elapsed: 0:02:42.
  Batch   490  of  1,053.    Elapsed: 0:02:45.
  Batch   500  of  1,053.    Elapsed: 0:02:48.
  Batch   510  of  1,053.    Elapsed: 0:02:52.
  Batch   520  of  1,053.    Elapsed: 0:02:55.
  Batch   530  of  1,053.    Elapsed: 0:02:59.
  Batch   540  of  1,053.    Elapsed: 0:03:02.
  Batch   550  of  1,053.    Elapsed: 0:03:05.
  Batch   560  of  1,053.    Elapsed: 0:03:09.
  Batch   570  of  1,053.    Elapsed: 0:03:12.
  Batch   580  of  1,053.    Elapsed: 0:03:15.
  Batch   590  of  1,053.    Elapsed: 0:03:19.
  Batch   600  of  1,053.    Elapsed: 0:03:22.
  Batch   610  of  1,053.    Elapsed: 0:03:26.
  Batch   620  of  1,053.    Elapsed: 0:03:29.
  Batch   630  of  1,053.    Elapsed: 0:03:32.
  Batch   640  of  1,053.    Elapsed: 0:03:36.
  Batch   650  of  1,053.    Elapsed: 0:03:39.
  Batch   660  of  1,053.    Elapsed: 0:03:42.
  Batch   670  of  1,053.    Elapsed: 0:03:46.
  Batch   680  of  1,053.    Elapsed: 0:03:49.
  Batch   690  of  1,053.    Elapsed: 0:03:53.
  Batch   700  of  1,053.    Elapsed: 0:03:56.
  Batch   710  of  1,053.    Elapsed: 0:03:59.
  Batch   720  of  1,053.    Elapsed: 0:04:03.
  Batch   730  of  1,053.    Elapsed: 0:04:06.
  Batch   740  of  1,053.    Elapsed: 0:04:09.
  Batch   750  of  1,053.    Elapsed: 0:04:13.
  Batch   760  of  1,053.    Elapsed: 0:04:16.
  Batch   770  of  1,053.    Elapsed: 0:04:19.
  Batch   780  of  1,053.    Elapsed: 0:04:23.
  Batch   790  of  1,053.    Elapsed: 0:04:26.
  Batch   800  of  1,053.    Elapsed: 0:04:30.
  Batch   810  of  1,053.    Elapsed: 0:04:33.
  Batch   820  of  1,053.    Elapsed: 0:04:36.
  Batch   830  of  1,053.    Elapsed: 0:04:40.
  Batch   840  of  1,053.    Elapsed: 0:04:43.
  Batch   850  of  1,053.    Elapsed: 0:04:46.
  Batch   860  of  1,053.    Elapsed: 0:04:50.
  Batch   870  of  1,053.    Elapsed: 0:04:53.
  Batch   880  of  1,053.    Elapsed: 0:04:56.
  Batch   890  of  1,053.    Elapsed: 0:05:00.
  Batch   900  of  1,053.    Elapsed: 0:05:03.
  Batch   910  of  1,053.    Elapsed: 0:05:06.
  Batch   920  of  1,053.    Elapsed: 0:05:10.
  Batch   930  of  1,053.    Elapsed: 0:05:13.
  Batch   940  of  1,053.    Elapsed: 0:05:17.
  Batch   950  of  1,053.    Elapsed: 0:05:20.
  Batch   960  of  1,053.    Elapsed: 0:05:23.
  Batch   970  of  1,053.    Elapsed: 0:05:27.
  Batch   980  of  1,053.    Elapsed: 0:05:30.
  Batch   990  of  1,053.    Elapsed: 0:05:33.
  Batch 1,000  of  1,053.    Elapsed: 0:05:37.
  Batch 1,010  of  1,053.    Elapsed: 0:05:40.
  Batch 1,020  of  1,053.    Elapsed: 0:05:44.
  Batch 1,030  of  1,053.    Elapsed: 0:05:47.
  Batch 1,040  of  1,053.    Elapsed: 0:05:50.
  Batch 1,050  of  1,053.    Elapsed: 0:05:54.

  Average training loss generetor: 0.696
  Average training loss discriminator: 0.726
  Training epcoh took: 0:05:55

Running Test...
  Accuracy: 0.898
  Test Loss: 0.460
  Test took: 0:00:01
{'epoch': 1, 'Training Loss generator': 0.7060808675807653, 'Training Loss discriminator': 0.9948083173628659, 'Valid. Loss': 0.24820129573345184, 'Valid. Accur.': 0.9105504587155964, 'Training Time': '0:05:53', 'Test Time': '0:00:01'}
{'epoch': 2, 'Training Loss generator': 0.7012108720039484, 'Training Loss discriminator': 0.8318311584527902, 'Valid. Loss': 0.30283159017562866, 'Valid. Accur.': 0.8990825688073395, 'Training Time': '0:05:54', 'Test Time': '0:00:01'}
{'epoch': 3, 'Training Loss generator': 0.6994692286421658, 'Training Loss discriminator': 0.7873379796998113, 'Valid. Loss': 0.3273317813873291, 'Valid. Accur.': 0.8841743119266054, 'Training Time': '0:05:54', 'Test Time': '0:00:01'}
{'epoch': 4, 'Training Loss generator': 0.6985228239414473, 'Training Loss discriminator': 0.7643306486853394, 'Valid. Loss': 0.3804076611995697, 'Valid. Accur.': 0.8956422018348624, 'Training Time': '0:05:54', 'Test Time': '0:00:01'}
{'epoch': 5, 'Training Loss generator': 0.6977140989511894, 'Training Loss discriminator': 0.7481373215106591, 'Valid. Loss': 0.2888612151145935, 'Valid. Accur.': 0.9094036697247706, 'Training Time': '0:05:54', 'Test Time': '0:00:01'}
{'epoch': 6, 'Training Loss generator': 0.6971541375968984, 'Training Loss discriminator': 0.7393525467525747, 'Valid. Loss': 0.32658395171165466, 'Valid. Accur.': 0.8990825688073395, 'Training Time': '0:05:54', 'Test Time': '0:00:01'}
{'epoch': 7, 'Training Loss generator': 0.6969780529100105, 'Training Loss discriminator': 0.7364452799387694, 'Valid. Loss': 0.4630686342716217, 'Valid. Accur.': 0.8853211009174312, 'Training Time': '0:05:54', 'Test Time': '0:00:01'}
{'epoch': 8, 'Training Loss generator': 0.6965654010107035, 'Training Loss discriminator': 0.7297414137087657, 'Valid. Loss': 0.3441133201122284, 'Valid. Accur.': 0.8979357798165137, 'Training Time': '0:05:55', 'Test Time': '0:00:01'}
{'epoch': 9, 'Training Loss generator': 0.6963707822227296, 'Training Loss discriminator': 0.7265425506706817, 'Valid. Loss': 0.38576099276542664, 'Valid. Accur.': 0.8899082568807339, 'Training Time': '0:05:54', 'Test Time': '0:00:01'}
{'epoch': 10, 'Training Loss generator': 0.6962695866115639, 'Training Loss discriminator': 0.7259438351461803, 'Valid. Loss': 0.4600413739681244, 'Valid. Accur.': 0.8979357798165137, 'Training Time': '0:05:55', 'Test Time': '0:00:01'}
Total training took 0:59:09 (h:mm:ss)





Training complete!
Training Start Time : 2022-05-04_20:14:57
