There are 1 GPU(s) available.
We will use the GPU: Tesla V100-SXM2-16GB





SST Data Extracted and Read
Size of Labelled Training Data 13441
Size of Unlabelled Training Data 53908
Size of Test Data 872



Generating DataSet from SST2



examples len is:  67349
examples len is:  872



Instantiating the Generator and Discriminator



hidden_sizes[i] and [i+1] is 768 and 768





Intiating Training of Gan-Bert Model
Test
Training Start Time : 2022-05-08_07-35-33

======== Epoch 1 / 10 ========
Training...
  Batch    10  of  1,053.    Elapsed: 0:00:03.
  Batch    20  of  1,053.    Elapsed: 0:00:07.
  Batch    30  of  1,053.    Elapsed: 0:00:10.
  Batch    40  of  1,053.    Elapsed: 0:00:13.
  Batch    50  of  1,053.    Elapsed: 0:00:17.
  Batch    60  of  1,053.    Elapsed: 0:00:20.
  Batch    70  of  1,053.    Elapsed: 0:00:23.
  Batch    80  of  1,053.    Elapsed: 0:00:27.
  Batch    90  of  1,053.    Elapsed: 0:00:30.
  Batch   100  of  1,053.    Elapsed: 0:00:33.
  Batch   110  of  1,053.    Elapsed: 0:00:37.
  Batch   120  of  1,053.    Elapsed: 0:00:40.
  Batch   130  of  1,053.    Elapsed: 0:00:43.
  Batch   140  of  1,053.    Elapsed: 0:00:47.
  Batch   150  of  1,053.    Elapsed: 0:00:50.
  Batch   160  of  1,053.    Elapsed: 0:00:53.
  Batch   170  of  1,053.    Elapsed: 0:00:57.
  Batch   180  of  1,053.    Elapsed: 0:01:00.
  Batch   190  of  1,053.    Elapsed: 0:01:04.
  Batch   200  of  1,053.    Elapsed: 0:01:07.
  Batch   210  of  1,053.    Elapsed: 0:01:10.
  Batch   220  of  1,053.    Elapsed: 0:01:14.
  Batch   230  of  1,053.    Elapsed: 0:01:17.
  Batch   240  of  1,053.    Elapsed: 0:01:20.
  Batch   250  of  1,053.    Elapsed: 0:01:24.
  Batch   260  of  1,053.    Elapsed: 0:01:27.
  Batch   270  of  1,053.    Elapsed: 0:01:30.
  Batch   280  of  1,053.    Elapsed: 0:01:34.
  Batch   290  of  1,053.    Elapsed: 0:01:37.
  Batch   300  of  1,053.    Elapsed: 0:01:40.
  Batch   310  of  1,053.    Elapsed: 0:01:44.
  Batch   320  of  1,053.    Elapsed: 0:01:47.
  Batch   330  of  1,053.    Elapsed: 0:01:50.
  Batch   340  of  1,053.    Elapsed: 0:01:54.
  Batch   350  of  1,053.    Elapsed: 0:01:57.
  Batch   360  of  1,053.    Elapsed: 0:02:01.
  Batch   370  of  1,053.    Elapsed: 0:02:04.
  Batch   380  of  1,053.    Elapsed: 0:02:07.
  Batch   390  of  1,053.    Elapsed: 0:02:11.
  Batch   400  of  1,053.    Elapsed: 0:02:14.
  Batch   410  of  1,053.    Elapsed: 0:02:17.
  Batch   420  of  1,053.    Elapsed: 0:02:21.
  Batch   430  of  1,053.    Elapsed: 0:02:24.
  Batch   440  of  1,053.    Elapsed: 0:02:27.
  Batch   450  of  1,053.    Elapsed: 0:02:31.
  Batch   460  of  1,053.    Elapsed: 0:02:34.
  Batch   470  of  1,053.    Elapsed: 0:02:37.
  Batch   480  of  1,053.    Elapsed: 0:02:41.
  Batch   490  of  1,053.    Elapsed: 0:02:44.
  Batch   500  of  1,053.    Elapsed: 0:02:48.
  Batch   510  of  1,053.    Elapsed: 0:02:51.
  Batch   520  of  1,053.    Elapsed: 0:02:54.
  Batch   530  of  1,053.    Elapsed: 0:02:58.
  Batch   540  of  1,053.    Elapsed: 0:03:01.
  Batch   550  of  1,053.    Elapsed: 0:03:04.
  Batch   560  of  1,053.    Elapsed: 0:03:08.
  Batch   570  of  1,053.    Elapsed: 0:03:11.
  Batch   580  of  1,053.    Elapsed: 0:03:14.
  Batch   590  of  1,053.    Elapsed: 0:03:18.
  Batch   600  of  1,053.    Elapsed: 0:03:21.
  Batch   610  of  1,053.    Elapsed: 0:03:24.
  Batch   620  of  1,053.    Elapsed: 0:03:28.
  Batch   630  of  1,053.    Elapsed: 0:03:31.
  Batch   640  of  1,053.    Elapsed: 0:03:34.
  Batch   650  of  1,053.    Elapsed: 0:03:38.
  Batch   660  of  1,053.    Elapsed: 0:03:41.
  Batch   670  of  1,053.    Elapsed: 0:03:45.
  Batch   680  of  1,053.    Elapsed: 0:03:48.
  Batch   690  of  1,053.    Elapsed: 0:03:51.
  Batch   700  of  1,053.    Elapsed: 0:03:55.
  Batch   710  of  1,053.    Elapsed: 0:03:58.
  Batch   720  of  1,053.    Elapsed: 0:04:01.
  Batch   730  of  1,053.    Elapsed: 0:04:05.
  Batch   740  of  1,053.    Elapsed: 0:04:08.
  Batch   750  of  1,053.    Elapsed: 0:04:11.
  Batch   760  of  1,053.    Elapsed: 0:04:15.
  Batch   770  of  1,053.    Elapsed: 0:04:18.
  Batch   780  of  1,053.    Elapsed: 0:04:21.
  Batch   790  of  1,053.    Elapsed: 0:04:25.
  Batch   800  of  1,053.    Elapsed: 0:04:28.
  Batch   810  of  1,053.    Elapsed: 0:04:31.
  Batch   820  of  1,053.    Elapsed: 0:04:35.
  Batch   830  of  1,053.    Elapsed: 0:04:38.
  Batch   840  of  1,053.    Elapsed: 0:04:41.
  Batch   850  of  1,053.    Elapsed: 0:04:45.
  Batch   860  of  1,053.    Elapsed: 0:04:48.
  Batch   870  of  1,053.    Elapsed: 0:04:51.
  Batch   880  of  1,053.    Elapsed: 0:04:55.
  Batch   890  of  1,053.    Elapsed: 0:04:58.
  Batch   900  of  1,053.    Elapsed: 0:05:02.
  Batch   910  of  1,053.    Elapsed: 0:05:05.
  Batch   920  of  1,053.    Elapsed: 0:05:08.
  Batch   930  of  1,053.    Elapsed: 0:05:12.
  Batch   940  of  1,053.    Elapsed: 0:05:15.
  Batch   950  of  1,053.    Elapsed: 0:05:18.
  Batch   960  of  1,053.    Elapsed: 0:05:22.
  Batch   970  of  1,053.    Elapsed: 0:05:25.
  Batch   980  of  1,053.    Elapsed: 0:05:28.
  Batch   990  of  1,053.    Elapsed: 0:05:32.
  Batch 1,000  of  1,053.    Elapsed: 0:05:35.
  Batch 1,010  of  1,053.    Elapsed: 0:05:38.
  Batch 1,020  of  1,053.    Elapsed: 0:05:42.
  Batch 1,030  of  1,053.    Elapsed: 0:05:45.
  Batch 1,040  of  1,053.    Elapsed: 0:05:49.
  Batch 1,050  of  1,053.    Elapsed: 0:05:52.

  Average training loss generetor: 0.709
  Average training loss discriminator: 1.073
  Training epcoh took: 0:05:53

Running Test...
  Accuracy: 0.894
  Test Loss: 0.273
  Test took: 0:00:01

======== Epoch 2 / 10 ========
Training...
  Batch    10  of  1,053.    Elapsed: 0:00:03.
  Batch    20  of  1,053.    Elapsed: 0:00:07.
  Batch    30  of  1,053.    Elapsed: 0:00:10.
  Batch    40  of  1,053.    Elapsed: 0:00:13.
  Batch    50  of  1,053.    Elapsed: 0:00:17.
  Batch    60  of  1,053.    Elapsed: 0:00:20.
  Batch    70  of  1,053.    Elapsed: 0:00:23.
  Batch    80  of  1,053.    Elapsed: 0:00:27.
  Batch    90  of  1,053.    Elapsed: 0:00:30.
  Batch   100  of  1,053.    Elapsed: 0:00:33.
  Batch   110  of  1,053.    Elapsed: 0:00:37.
  Batch   120  of  1,053.    Elapsed: 0:00:40.
  Batch   130  of  1,053.    Elapsed: 0:00:44.
  Batch   140  of  1,053.    Elapsed: 0:00:47.
  Batch   150  of  1,053.    Elapsed: 0:00:50.
  Batch   160  of  1,053.    Elapsed: 0:00:54.
  Batch   170  of  1,053.    Elapsed: 0:00:57.
  Batch   180  of  1,053.    Elapsed: 0:01:00.
  Batch   190  of  1,053.    Elapsed: 0:01:04.
  Batch   200  of  1,053.    Elapsed: 0:01:07.
  Batch   210  of  1,053.    Elapsed: 0:01:10.
  Batch   220  of  1,053.    Elapsed: 0:01:14.
  Batch   230  of  1,053.    Elapsed: 0:01:17.
  Batch   240  of  1,053.    Elapsed: 0:01:20.
  Batch   250  of  1,053.    Elapsed: 0:01:24.
  Batch   260  of  1,053.    Elapsed: 0:01:27.
  Batch   270  of  1,053.    Elapsed: 0:01:30.
  Batch   280  of  1,053.    Elapsed: 0:01:34.
  Batch   290  of  1,053.    Elapsed: 0:01:37.
  Batch   300  of  1,053.    Elapsed: 0:01:41.
  Batch   310  of  1,053.    Elapsed: 0:01:44.
  Batch   320  of  1,053.    Elapsed: 0:01:47.
  Batch   330  of  1,053.    Elapsed: 0:01:51.
  Batch   340  of  1,053.    Elapsed: 0:01:54.
  Batch   350  of  1,053.    Elapsed: 0:01:57.
  Batch   360  of  1,053.    Elapsed: 0:02:01.
  Batch   370  of  1,053.    Elapsed: 0:02:04.
  Batch   380  of  1,053.    Elapsed: 0:02:07.
  Batch   390  of  1,053.    Elapsed: 0:02:11.
  Batch   400  of  1,053.    Elapsed: 0:02:14.
  Batch   410  of  1,053.    Elapsed: 0:02:17.
  Batch   420  of  1,053.    Elapsed: 0:02:21.
  Batch   430  of  1,053.    Elapsed: 0:02:24.
  Batch   440  of  1,053.    Elapsed: 0:02:28.
  Batch   450  of  1,053.    Elapsed: 0:02:31.
  Batch   460  of  1,053.    Elapsed: 0:02:34.
  Batch   470  of  1,053.    Elapsed: 0:02:38.
  Batch   480  of  1,053.    Elapsed: 0:02:41.
  Batch   490  of  1,053.    Elapsed: 0:02:44.
  Batch   500  of  1,053.    Elapsed: 0:02:48.
  Batch   510  of  1,053.    Elapsed: 0:02:51.
  Batch   520  of  1,053.    Elapsed: 0:02:54.
  Batch   530  of  1,053.    Elapsed: 0:02:58.
  Batch   540  of  1,053.    Elapsed: 0:03:01.
  Batch   550  of  1,053.    Elapsed: 0:03:04.
  Batch   560  of  1,053.    Elapsed: 0:03:08.
  Batch   570  of  1,053.    Elapsed: 0:03:11.
  Batch   580  of  1,053.    Elapsed: 0:03:14.
  Batch   590  of  1,053.    Elapsed: 0:03:18.
  Batch   600  of  1,053.    Elapsed: 0:03:21.
  Batch   610  of  1,053.    Elapsed: 0:03:25.
  Batch   620  of  1,053.    Elapsed: 0:03:28.
  Batch   630  of  1,053.    Elapsed: 0:03:31.
  Batch   640  of  1,053.    Elapsed: 0:03:35.
  Batch   650  of  1,053.    Elapsed: 0:03:38.
  Batch   660  of  1,053.    Elapsed: 0:03:41.
  Batch   670  of  1,053.    Elapsed: 0:03:45.
  Batch   680  of  1,053.    Elapsed: 0:03:48.
  Batch   690  of  1,053.    Elapsed: 0:03:51.
  Batch   700  of  1,053.    Elapsed: 0:03:55.
  Batch   710  of  1,053.    Elapsed: 0:03:58.
  Batch   720  of  1,053.    Elapsed: 0:04:01.
  Batch   730  of  1,053.    Elapsed: 0:04:05.
  Batch   740  of  1,053.    Elapsed: 0:04:08.
  Batch   750  of  1,053.    Elapsed: 0:04:11.
  Batch   760  of  1,053.    Elapsed: 0:04:15.
  Batch   770  of  1,053.    Elapsed: 0:04:18.
  Batch   780  of  1,053.    Elapsed: 0:04:21.
  Batch   790  of  1,053.    Elapsed: 0:04:25.
  Batch   800  of  1,053.    Elapsed: 0:04:28.
  Batch   810  of  1,053.    Elapsed: 0:04:32.
  Batch   820  of  1,053.    Elapsed: 0:04:35.
  Batch   830  of  1,053.    Elapsed: 0:04:38.
  Batch   840  of  1,053.    Elapsed: 0:04:42.
  Batch   850  of  1,053.    Elapsed: 0:04:45.
  Batch   860  of  1,053.    Elapsed: 0:04:48.
  Batch   870  of  1,053.    Elapsed: 0:04:52.
  Batch   880  of  1,053.    Elapsed: 0:04:55.
  Batch   890  of  1,053.    Elapsed: 0:04:58.
  Batch   900  of  1,053.    Elapsed: 0:05:02.
  Batch   910  of  1,053.    Elapsed: 0:05:05.
  Batch   920  of  1,053.    Elapsed: 0:05:08.
  Batch   930  of  1,053.    Elapsed: 0:05:12.
  Batch   940  of  1,053.    Elapsed: 0:05:15.
  Batch   950  of  1,053.    Elapsed: 0:05:18.
  Batch   960  of  1,053.    Elapsed: 0:05:22.
  Batch   970  of  1,053.    Elapsed: 0:05:25.
  Batch   980  of  1,053.    Elapsed: 0:05:29.
  Batch   990  of  1,053.    Elapsed: 0:05:32.
  Batch 1,000  of  1,053.    Elapsed: 0:05:35.
  Batch 1,010  of  1,053.    Elapsed: 0:05:39.
  Batch 1,020  of  1,053.    Elapsed: 0:05:42.
  Batch 1,030  of  1,053.    Elapsed: 0:05:45.
  Batch 1,040  of  1,053.    Elapsed: 0:05:49.
  Batch 1,050  of  1,053.    Elapsed: 0:05:52.

  Average training loss generetor: 0.703
  Average training loss discriminator: 0.867
  Training epcoh took: 0:05:53

Running Test...
  Accuracy: 0.883
  Test Loss: 0.362
  Test took: 0:00:01

======== Epoch 3 / 10 ========
Training...
  Batch    10  of  1,053.    Elapsed: 0:00:03.
  Batch    20  of  1,053.    Elapsed: 0:00:07.
  Batch    30  of  1,053.    Elapsed: 0:00:10.
  Batch    40  of  1,053.    Elapsed: 0:00:13.
  Batch    50  of  1,053.    Elapsed: 0:00:17.
  Batch    60  of  1,053.    Elapsed: 0:00:20.
  Batch    70  of  1,053.    Elapsed: 0:00:23.
  Batch    80  of  1,053.    Elapsed: 0:00:27.
  Batch    90  of  1,053.    Elapsed: 0:00:30.
  Batch   100  of  1,053.    Elapsed: 0:00:34.
  Batch   110  of  1,053.    Elapsed: 0:00:37.
  Batch   120  of  1,053.    Elapsed: 0:00:40.
  Batch   130  of  1,053.    Elapsed: 0:00:44.
  Batch   140  of  1,053.    Elapsed: 0:00:47.
  Batch   150  of  1,053.    Elapsed: 0:00:50.
  Batch   160  of  1,053.    Elapsed: 0:00:54.
  Batch   170  of  1,053.    Elapsed: 0:00:57.
  Batch   180  of  1,053.    Elapsed: 0:01:00.
  Batch   190  of  1,053.    Elapsed: 0:01:04.
  Batch   200  of  1,053.    Elapsed: 0:01:07.
  Batch   210  of  1,053.    Elapsed: 0:01:10.
  Batch   220  of  1,053.    Elapsed: 0:01:14.
  Batch   230  of  1,053.    Elapsed: 0:01:17.
  Batch   240  of  1,053.    Elapsed: 0:01:20.
  Batch   250  of  1,053.    Elapsed: 0:01:24.
  Batch   260  of  1,053.    Elapsed: 0:01:27.
  Batch   270  of  1,053.    Elapsed: 0:01:30.
  Batch   280  of  1,053.    Elapsed: 0:01:34.
  Batch   290  of  1,053.    Elapsed: 0:01:37.
  Batch   300  of  1,053.    Elapsed: 0:01:41.
  Batch   310  of  1,053.    Elapsed: 0:01:44.
  Batch   320  of  1,053.    Elapsed: 0:01:47.
  Batch   330  of  1,053.    Elapsed: 0:01:51.
  Batch   340  of  1,053.    Elapsed: 0:01:54.
  Batch   350  of  1,053.    Elapsed: 0:01:57.
  Batch   360  of  1,053.    Elapsed: 0:02:01.
  Batch   370  of  1,053.    Elapsed: 0:02:04.
  Batch   380  of  1,053.    Elapsed: 0:02:07.
  Batch   390  of  1,053.    Elapsed: 0:02:11.
  Batch   400  of  1,053.    Elapsed: 0:02:14.
  Batch   410  of  1,053.    Elapsed: 0:02:17.
  Batch   420  of  1,053.    Elapsed: 0:02:21.
  Batch   430  of  1,053.    Elapsed: 0:02:24.
  Batch   440  of  1,053.    Elapsed: 0:02:27.
  Batch   450  of  1,053.    Elapsed: 0:02:31.
  Batch   460  of  1,053.    Elapsed: 0:02:34.
  Batch   470  of  1,053.    Elapsed: 0:02:37.
  Batch   480  of  1,053.    Elapsed: 0:02:41.
  Batch   490  of  1,053.    Elapsed: 0:02:44.
  Batch   500  of  1,053.    Elapsed: 0:02:48.
  Batch   510  of  1,053.    Elapsed: 0:02:51.
  Batch   520  of  1,053.    Elapsed: 0:02:54.
  Batch   530  of  1,053.    Elapsed: 0:02:58.
  Batch   540  of  1,053.    Elapsed: 0:03:01.
  Batch   550  of  1,053.    Elapsed: 0:03:04.
  Batch   560  of  1,053.    Elapsed: 0:03:08.
  Batch   570  of  1,053.    Elapsed: 0:03:11.
  Batch   580  of  1,053.    Elapsed: 0:03:14.
  Batch   590  of  1,053.    Elapsed: 0:03:18.
  Batch   600  of  1,053.    Elapsed: 0:03:21.
  Batch   610  of  1,053.    Elapsed: 0:03:24.
  Batch   620  of  1,053.    Elapsed: 0:03:28.
  Batch   630  of  1,053.    Elapsed: 0:03:31.
  Batch   640  of  1,053.    Elapsed: 0:03:34.
  Batch   650  of  1,053.    Elapsed: 0:03:38.
  Batch   660  of  1,053.    Elapsed: 0:03:41.
  Batch   670  of  1,053.    Elapsed: 0:03:44.
  Batch   680  of  1,053.    Elapsed: 0:03:48.
  Batch   690  of  1,053.    Elapsed: 0:03:51.
  Batch   700  of  1,053.    Elapsed: 0:03:54.
  Batch   710  of  1,053.    Elapsed: 0:03:58.
  Batch   720  of  1,053.    Elapsed: 0:04:01.
  Batch   730  of  1,053.    Elapsed: 0:04:04.
  Batch   740  of  1,053.    Elapsed: 0:04:08.
  Batch   750  of  1,053.    Elapsed: 0:04:11.
  Batch   760  of  1,053.    Elapsed: 0:04:15.
  Batch   770  of  1,053.    Elapsed: 0:04:18.
  Batch   780  of  1,053.    Elapsed: 0:04:21.
  Batch   790  of  1,053.    Elapsed: 0:04:25.
  Batch   800  of  1,053.    Elapsed: 0:04:28.
  Batch   810  of  1,053.    Elapsed: 0:04:31.
  Batch   820  of  1,053.    Elapsed: 0:04:35.
  Batch   830  of  1,053.    Elapsed: 0:04:38.
  Batch   840  of  1,053.    Elapsed: 0:04:41.
  Batch   850  of  1,053.    Elapsed: 0:04:45.
  Batch   860  of  1,053.    Elapsed: 0:04:48.
  Batch   870  of  1,053.    Elapsed: 0:04:52.
  Batch   880  of  1,053.    Elapsed: 0:04:55.
  Batch   890  of  1,053.    Elapsed: 0:04:58.
  Batch   900  of  1,053.    Elapsed: 0:05:02.
  Batch   910  of  1,053.    Elapsed: 0:05:05.
  Batch   920  of  1,053.    Elapsed: 0:05:08.
  Batch   930  of  1,053.    Elapsed: 0:05:12.
  Batch   940  of  1,053.    Elapsed: 0:05:15.
  Batch   950  of  1,053.    Elapsed: 0:05:18.
  Batch   960  of  1,053.    Elapsed: 0:05:22.
  Batch   970  of  1,053.    Elapsed: 0:05:25.
  Batch   980  of  1,053.    Elapsed: 0:05:28.
  Batch   990  of  1,053.    Elapsed: 0:05:32.
  Batch 1,000  of  1,053.    Elapsed: 0:05:35.
  Batch 1,010  of  1,053.    Elapsed: 0:05:38.
  Batch 1,020  of  1,053.    Elapsed: 0:05:42.
  Batch 1,030  of  1,053.    Elapsed: 0:05:45.
  Batch 1,040  of  1,053.    Elapsed: 0:05:48.
  Batch 1,050  of  1,053.    Elapsed: 0:05:52.

  Average training loss generetor: 0.701
  Average training loss discriminator: 0.804
  Training epcoh took: 0:05:53

Running Test...
  Accuracy: 0.881
  Test Loss: 0.436
  Test took: 0:00:01

======== Epoch 4 / 10 ========
Training...
  Batch    10  of  1,053.    Elapsed: 0:00:03.
  Batch    20  of  1,053.    Elapsed: 0:00:07.
  Batch    30  of  1,053.    Elapsed: 0:00:10.
  Batch    40  of  1,053.    Elapsed: 0:00:13.
  Batch    50  of  1,053.    Elapsed: 0:00:17.
  Batch    60  of  1,053.    Elapsed: 0:00:20.
  Batch    70  of  1,053.    Elapsed: 0:00:23.
  Batch    80  of  1,053.    Elapsed: 0:00:27.
  Batch    90  of  1,053.    Elapsed: 0:00:30.
  Batch   100  of  1,053.    Elapsed: 0:00:34.
  Batch   110  of  1,053.    Elapsed: 0:00:37.
  Batch   120  of  1,053.    Elapsed: 0:00:40.
  Batch   130  of  1,053.    Elapsed: 0:00:44.
  Batch   140  of  1,053.    Elapsed: 0:00:47.
  Batch   150  of  1,053.    Elapsed: 0:00:50.
  Batch   160  of  1,053.    Elapsed: 0:00:54.
  Batch   170  of  1,053.    Elapsed: 0:00:57.
  Batch   180  of  1,053.    Elapsed: 0:01:00.
  Batch   190  of  1,053.    Elapsed: 0:01:04.
  Batch   200  of  1,053.    Elapsed: 0:01:07.
  Batch   210  of  1,053.    Elapsed: 0:01:10.
  Batch   220  of  1,053.    Elapsed: 0:01:14.
  Batch   230  of  1,053.    Elapsed: 0:01:17.
  Batch   240  of  1,053.    Elapsed: 0:01:20.
  Batch   250  of  1,053.    Elapsed: 0:01:24.
  Batch   260  of  1,053.    Elapsed: 0:01:27.
  Batch   270  of  1,053.    Elapsed: 0:01:31.
  Batch   280  of  1,053.    Elapsed: 0:01:34.
  Batch   290  of  1,053.    Elapsed: 0:01:37.
  Batch   300  of  1,053.    Elapsed: 0:01:41.
  Batch   310  of  1,053.    Elapsed: 0:01:44.
  Batch   320  of  1,053.    Elapsed: 0:01:47.
  Batch   330  of  1,053.    Elapsed: 0:01:51.
  Batch   340  of  1,053.    Elapsed: 0:01:54.
  Batch   350  of  1,053.    Elapsed: 0:01:57.
  Batch   360  of  1,053.    Elapsed: 0:02:01.
  Batch   370  of  1,053.    Elapsed: 0:02:04.
  Batch   380  of  1,053.    Elapsed: 0:02:07.
  Batch   390  of  1,053.    Elapsed: 0:02:11.
  Batch   400  of  1,053.    Elapsed: 0:02:14.
  Batch   410  of  1,053.    Elapsed: 0:02:17.
  Batch   420  of  1,053.    Elapsed: 0:02:21.
  Batch   430  of  1,053.    Elapsed: 0:02:24.
  Batch   440  of  1,053.    Elapsed: 0:02:28.
  Batch   450  of  1,053.    Elapsed: 0:02:31.
  Batch   460  of  1,053.    Elapsed: 0:02:34.
  Batch   470  of  1,053.    Elapsed: 0:02:38.
  Batch   480  of  1,053.    Elapsed: 0:02:41.
  Batch   490  of  1,053.    Elapsed: 0:02:44.
  Batch   500  of  1,053.    Elapsed: 0:02:48.
  Batch   510  of  1,053.    Elapsed: 0:02:51.
  Batch   520  of  1,053.    Elapsed: 0:02:54.
  Batch   530  of  1,053.    Elapsed: 0:02:58.
  Batch   540  of  1,053.    Elapsed: 0:03:01.
  Batch   550  of  1,053.    Elapsed: 0:03:04.
  Batch   560  of  1,053.    Elapsed: 0:03:08.
  Batch   570  of  1,053.    Elapsed: 0:03:11.
  Batch   580  of  1,053.    Elapsed: 0:03:14.
  Batch   590  of  1,053.    Elapsed: 0:03:18.
  Batch   600  of  1,053.    Elapsed: 0:03:21.
  Batch   610  of  1,053.    Elapsed: 0:03:24.
  Batch   620  of  1,053.    Elapsed: 0:03:28.
  Batch   630  of  1,053.    Elapsed: 0:03:31.
  Batch   640  of  1,053.    Elapsed: 0:03:34.
  Batch   650  of  1,053.    Elapsed: 0:03:38.
  Batch   660  of  1,053.    Elapsed: 0:03:41.
  Batch   670  of  1,053.    Elapsed: 0:03:44.
  Batch   680  of  1,053.    Elapsed: 0:03:48.
  Batch   690  of  1,053.    Elapsed: 0:03:51.
  Batch   700  of  1,053.    Elapsed: 0:03:55.
  Batch   710  of  1,053.    Elapsed: 0:03:58.
  Batch   720  of  1,053.    Elapsed: 0:04:01.
  Batch   730  of  1,053.    Elapsed: 0:04:05.
  Batch   740  of  1,053.    Elapsed: 0:04:08.
  Batch   750  of  1,053.    Elapsed: 0:04:11.
  Batch   760  of  1,053.    Elapsed: 0:04:15.
  Batch   770  of  1,053.    Elapsed: 0:04:18.
  Batch   780  of  1,053.    Elapsed: 0:04:21.
  Batch   790  of  1,053.    Elapsed: 0:04:25.
  Batch   800  of  1,053.    Elapsed: 0:04:28.
  Batch   810  of  1,053.    Elapsed: 0:04:31.
  Batch   820  of  1,053.    Elapsed: 0:04:35.
  Batch   830  of  1,053.    Elapsed: 0:04:38.
  Batch   840  of  1,053.    Elapsed: 0:04:41.
  Batch   850  of  1,053.    Elapsed: 0:04:45.
  Batch   860  of  1,053.    Elapsed: 0:04:48.
  Batch   870  of  1,053.    Elapsed: 0:04:52.
  Batch   880  of  1,053.    Elapsed: 0:04:55.
  Batch   890  of  1,053.    Elapsed: 0:04:58.
  Batch   900  of  1,053.    Elapsed: 0:05:02.
  Batch   910  of  1,053.    Elapsed: 0:05:05.
  Batch   920  of  1,053.    Elapsed: 0:05:08.
  Batch   930  of  1,053.    Elapsed: 0:05:12.
  Batch   940  of  1,053.    Elapsed: 0:05:15.
  Batch   950  of  1,053.    Elapsed: 0:05:18.
  Batch   960  of  1,053.    Elapsed: 0:05:22.
  Batch   970  of  1,053.    Elapsed: 0:05:25.
  Batch   980  of  1,053.    Elapsed: 0:05:28.
  Batch   990  of  1,053.    Elapsed: 0:05:32.
  Batch 1,000  of  1,053.    Elapsed: 0:05:35.
  Batch 1,010  of  1,053.    Elapsed: 0:05:38.
  Batch 1,020  of  1,053.    Elapsed: 0:05:42.
  Batch 1,030  of  1,053.    Elapsed: 0:05:45.
  Batch 1,040  of  1,053.    Elapsed: 0:05:48.
  Batch 1,050  of  1,053.    Elapsed: 0:05:52.

  Average training loss generetor: 0.700
  Average training loss discriminator: 0.779
  Training epcoh took: 0:05:53

Running Test...
  Accuracy: 0.867
  Test Loss: 0.355
  Test took: 0:00:01

======== Epoch 5 / 10 ========
Training...
  Batch    10  of  1,053.    Elapsed: 0:00:03.
  Batch    20  of  1,053.    Elapsed: 0:00:07.
  Batch    30  of  1,053.    Elapsed: 0:00:10.
  Batch    40  of  1,053.    Elapsed: 0:00:13.
  Batch    50  of  1,053.    Elapsed: 0:00:17.
  Batch    60  of  1,053.    Elapsed: 0:00:20.
  Batch    70  of  1,053.    Elapsed: 0:00:23.
  Batch    80  of  1,053.    Elapsed: 0:00:27.
  Batch    90  of  1,053.    Elapsed: 0:00:30.
  Batch   100  of  1,053.    Elapsed: 0:00:34.
  Batch   110  of  1,053.    Elapsed: 0:00:37.
  Batch   120  of  1,053.    Elapsed: 0:00:40.
  Batch   130  of  1,053.    Elapsed: 0:00:44.
  Batch   140  of  1,053.    Elapsed: 0:00:47.
  Batch   150  of  1,053.    Elapsed: 0:00:50.
  Batch   160  of  1,053.    Elapsed: 0:00:54.
  Batch   170  of  1,053.    Elapsed: 0:00:57.
  Batch   180  of  1,053.    Elapsed: 0:01:00.
  Batch   190  of  1,053.    Elapsed: 0:01:04.
  Batch   200  of  1,053.    Elapsed: 0:01:07.
  Batch   210  of  1,053.    Elapsed: 0:01:10.
  Batch   220  of  1,053.    Elapsed: 0:01:14.
  Batch   230  of  1,053.    Elapsed: 0:01:17.
  Batch   240  of  1,053.    Elapsed: 0:01:20.
  Batch   250  of  1,053.    Elapsed: 0:01:24.
  Batch   260  of  1,053.    Elapsed: 0:01:27.
  Batch   270  of  1,053.    Elapsed: 0:01:31.
  Batch   280  of  1,053.    Elapsed: 0:01:34.
  Batch   290  of  1,053.    Elapsed: 0:01:37.
  Batch   300  of  1,053.    Elapsed: 0:01:41.
  Batch   310  of  1,053.    Elapsed: 0:01:44.
  Batch   320  of  1,053.    Elapsed: 0:01:47.
  Batch   330  of  1,053.    Elapsed: 0:01:51.
  Batch   340  of  1,053.    Elapsed: 0:01:54.
  Batch   350  of  1,053.    Elapsed: 0:01:57.
  Batch   360  of  1,053.    Elapsed: 0:02:01.
  Batch   370  of  1,053.    Elapsed: 0:02:04.
  Batch   380  of  1,053.    Elapsed: 0:02:07.
  Batch   390  of  1,053.    Elapsed: 0:02:11.
  Batch   400  of  1,053.    Elapsed: 0:02:14.
  Batch   410  of  1,053.    Elapsed: 0:02:17.
  Batch   420  of  1,053.    Elapsed: 0:02:21.
  Batch   430  of  1,053.    Elapsed: 0:02:24.
  Batch   440  of  1,053.    Elapsed: 0:02:27.
  Batch   450  of  1,053.    Elapsed: 0:02:31.
  Batch   460  of  1,053.    Elapsed: 0:02:34.
  Batch   470  of  1,053.    Elapsed: 0:02:37.
  Batch   480  of  1,053.    Elapsed: 0:02:41.
  Batch   490  of  1,053.    Elapsed: 0:02:44.
  Batch   500  of  1,053.    Elapsed: 0:02:47.
  Batch   510  of  1,053.    Elapsed: 0:02:51.
  Batch   520  of  1,053.    Elapsed: 0:02:54.
  Batch   530  of  1,053.    Elapsed: 0:02:58.
  Batch   540  of  1,053.    Elapsed: 0:03:01.
  Batch   550  of  1,053.    Elapsed: 0:03:04.
  Batch   560  of  1,053.    Elapsed: 0:03:08.
  Batch   570  of  1,053.    Elapsed: 0:03:11.
  Batch   580  of  1,053.    Elapsed: 0:03:14.
  Batch   590  of  1,053.    Elapsed: 0:03:18.
  Batch   600  of  1,053.    Elapsed: 0:03:21.
  Batch   610  of  1,053.    Elapsed: 0:03:24.
  Batch   620  of  1,053.    Elapsed: 0:03:28.
  Batch   630  of  1,053.    Elapsed: 0:03:31.
  Batch   640  of  1,053.    Elapsed: 0:03:34.
  Batch   650  of  1,053.    Elapsed: 0:03:38.
  Batch   660  of  1,053.    Elapsed: 0:03:41.
  Batch   670  of  1,053.    Elapsed: 0:03:44.
  Batch   680  of  1,053.    Elapsed: 0:03:48.
  Batch   690  of  1,053.    Elapsed: 0:03:51.
  Batch   700  of  1,053.    Elapsed: 0:03:54.
  Batch   710  of  1,053.    Elapsed: 0:03:58.
  Batch   720  of  1,053.    Elapsed: 0:04:01.
  Batch   730  of  1,053.    Elapsed: 0:04:04.
  Batch   740  of  1,053.    Elapsed: 0:04:08.
  Batch   750  of  1,053.    Elapsed: 0:04:11.
  Batch   760  of  1,053.    Elapsed: 0:04:15.
  Batch   770  of  1,053.    Elapsed: 0:04:18.
  Batch   780  of  1,053.    Elapsed: 0:04:21.
  Batch   790  of  1,053.    Elapsed: 0:04:25.
  Batch   800  of  1,053.    Elapsed: 0:04:28.
  Batch   810  of  1,053.    Elapsed: 0:04:31.
  Batch   820  of  1,053.    Elapsed: 0:04:35.
  Batch   830  of  1,053.    Elapsed: 0:04:38.
  Batch   840  of  1,053.    Elapsed: 0:04:41.
  Batch   850  of  1,053.    Elapsed: 0:04:45.
  Batch   860  of  1,053.    Elapsed: 0:04:48.
  Batch   870  of  1,053.    Elapsed: 0:04:51.
  Batch   880  of  1,053.    Elapsed: 0:04:55.
  Batch   890  of  1,053.    Elapsed: 0:04:58.
  Batch   900  of  1,053.    Elapsed: 0:05:01.
  Batch   910  of  1,053.    Elapsed: 0:05:05.
  Batch   920  of  1,053.    Elapsed: 0:05:08.
  Batch   930  of  1,053.    Elapsed: 0:05:12.
  Batch   940  of  1,053.    Elapsed: 0:05:15.
  Batch   950  of  1,053.    Elapsed: 0:05:18.
  Batch   960  of  1,053.    Elapsed: 0:05:22.
  Batch   970  of  1,053.    Elapsed: 0:05:25.
  Batch   980  of  1,053.    Elapsed: 0:05:28.
  Batch   990  of  1,053.    Elapsed: 0:05:32.
  Batch 1,000  of  1,053.    Elapsed: 0:05:35.
  Batch 1,010  of  1,053.    Elapsed: 0:05:38.
  Batch 1,020  of  1,053.    Elapsed: 0:05:42.
  Batch 1,030  of  1,053.    Elapsed: 0:05:45.
  Batch 1,040  of  1,053.    Elapsed: 0:05:48.
  Batch 1,050  of  1,053.    Elapsed: 0:05:52.

  Average training loss generetor: 0.699
  Average training loss discriminator: 0.749
  Training epcoh took: 0:05:52

Running Test...
  Accuracy: 0.894
  Test Loss: 0.344
  Test took: 0:00:01

======== Epoch 6 / 10 ========
Training...
  Batch    10  of  1,053.    Elapsed: 0:00:03.
  Batch    20  of  1,053.    Elapsed: 0:00:07.
  Batch    30  of  1,053.    Elapsed: 0:00:10.
  Batch    40  of  1,053.    Elapsed: 0:00:13.
  Batch    50  of  1,053.    Elapsed: 0:00:17.
  Batch    60  of  1,053.    Elapsed: 0:00:20.
  Batch    70  of  1,053.    Elapsed: 0:00:23.
  Batch    80  of  1,053.    Elapsed: 0:00:27.
  Batch    90  of  1,053.    Elapsed: 0:00:30.
  Batch   100  of  1,053.    Elapsed: 0:00:33.
  Batch   110  of  1,053.    Elapsed: 0:00:37.
  Batch   120  of  1,053.    Elapsed: 0:00:40.
  Batch   130  of  1,053.    Elapsed: 0:00:44.
  Batch   140  of  1,053.    Elapsed: 0:00:47.
  Batch   150  of  1,053.    Elapsed: 0:00:50.
  Batch   160  of  1,053.    Elapsed: 0:00:54.
  Batch   170  of  1,053.    Elapsed: 0:00:57.
  Batch   180  of  1,053.    Elapsed: 0:01:00.
  Batch   190  of  1,053.    Elapsed: 0:01:04.
  Batch   200  of  1,053.    Elapsed: 0:01:07.
  Batch   210  of  1,053.    Elapsed: 0:01:10.
  Batch   220  of  1,053.    Elapsed: 0:01:14.
  Batch   230  of  1,053.    Elapsed: 0:01:17.
  Batch   240  of  1,053.    Elapsed: 0:01:20.
  Batch   250  of  1,053.    Elapsed: 0:01:24.
  Batch   260  of  1,053.    Elapsed: 0:01:27.
  Batch   270  of  1,053.    Elapsed: 0:01:31.
  Batch   280  of  1,053.    Elapsed: 0:01:34.
  Batch   290  of  1,053.    Elapsed: 0:01:37.
  Batch   300  of  1,053.    Elapsed: 0:01:41.
  Batch   310  of  1,053.    Elapsed: 0:01:44.
  Batch   320  of  1,053.    Elapsed: 0:01:47.
  Batch   330  of  1,053.    Elapsed: 0:01:51.
  Batch   340  of  1,053.    Elapsed: 0:01:54.
  Batch   350  of  1,053.    Elapsed: 0:01:57.
  Batch   360  of  1,053.    Elapsed: 0:02:01.
  Batch   370  of  1,053.    Elapsed: 0:02:04.
  Batch   380  of  1,053.    Elapsed: 0:02:07.
  Batch   390  of  1,053.    Elapsed: 0:02:11.
  Batch   400  of  1,053.    Elapsed: 0:02:14.
  Batch   410  of  1,053.    Elapsed: 0:02:17.
  Batch   420  of  1,053.    Elapsed: 0:02:21.
  Batch   430  of  1,053.    Elapsed: 0:02:24.
  Batch   440  of  1,053.    Elapsed: 0:02:27.
  Batch   450  of  1,053.    Elapsed: 0:02:31.
  Batch   460  of  1,053.    Elapsed: 0:02:34.
  Batch   470  of  1,053.    Elapsed: 0:02:37.
  Batch   480  of  1,053.    Elapsed: 0:02:41.
  Batch   490  of  1,053.    Elapsed: 0:02:44.
  Batch   500  of  1,053.    Elapsed: 0:02:48.
  Batch   510  of  1,053.    Elapsed: 0:02:51.
  Batch   520  of  1,053.    Elapsed: 0:02:54.
  Batch   530  of  1,053.    Elapsed: 0:02:58.
  Batch   540  of  1,053.    Elapsed: 0:03:01.
  Batch   550  of  1,053.    Elapsed: 0:03:04.
  Batch   560  of  1,053.    Elapsed: 0:03:08.
  Batch   570  of  1,053.    Elapsed: 0:03:11.
  Batch   580  of  1,053.    Elapsed: 0:03:14.
  Batch   590  of  1,053.    Elapsed: 0:03:18.
  Batch   600  of  1,053.    Elapsed: 0:03:21.
  Batch   610  of  1,053.    Elapsed: 0:03:24.
  Batch   620  of  1,053.    Elapsed: 0:03:28.
  Batch   630  of  1,053.    Elapsed: 0:03:31.
  Batch   640  of  1,053.    Elapsed: 0:03:34.
  Batch   650  of  1,053.    Elapsed: 0:03:38.
  Batch   660  of  1,053.    Elapsed: 0:03:41.
  Batch   670  of  1,053.    Elapsed: 0:03:45.
  Batch   680  of  1,053.    Elapsed: 0:03:48.
  Batch   690  of  1,053.    Elapsed: 0:03:51.
  Batch   700  of  1,053.    Elapsed: 0:03:55.
  Batch   710  of  1,053.    Elapsed: 0:03:58.
  Batch   720  of  1,053.    Elapsed: 0:04:01.
  Batch   730  of  1,053.    Elapsed: 0:04:05.
  Batch   740  of  1,053.    Elapsed: 0:04:08.
  Batch   750  of  1,053.    Elapsed: 0:04:11.
  Batch   760  of  1,053.    Elapsed: 0:04:15.
  Batch   770  of  1,053.    Elapsed: 0:04:18.
  Batch   780  of  1,053.    Elapsed: 0:04:21.
  Batch   790  of  1,053.    Elapsed: 0:04:25.
  Batch   800  of  1,053.    Elapsed: 0:04:28.
  Batch   810  of  1,053.    Elapsed: 0:04:32.
  Batch   820  of  1,053.    Elapsed: 0:04:35.
  Batch   830  of  1,053.    Elapsed: 0:04:38.
  Batch   840  of  1,053.    Elapsed: 0:04:42.
  Batch   850  of  1,053.    Elapsed: 0:04:45.
  Batch   860  of  1,053.    Elapsed: 0:04:48.
  Batch   870  of  1,053.    Elapsed: 0:04:52.
  Batch   880  of  1,053.    Elapsed: 0:04:55.
  Batch   890  of  1,053.    Elapsed: 0:04:58.
  Batch   900  of  1,053.    Elapsed: 0:05:02.
  Batch   910  of  1,053.    Elapsed: 0:05:05.
  Batch   920  of  1,053.    Elapsed: 0:05:08.
  Batch   930  of  1,053.    Elapsed: 0:05:12.
  Batch   940  of  1,053.    Elapsed: 0:05:15.
  Batch   950  of  1,053.    Elapsed: 0:05:18.
  Batch   960  of  1,053.    Elapsed: 0:05:22.
  Batch   970  of  1,053.    Elapsed: 0:05:25.
  Batch   980  of  1,053.    Elapsed: 0:05:29.
  Batch   990  of  1,053.    Elapsed: 0:05:32.
  Batch 1,000  of  1,053.    Elapsed: 0:05:35.
  Batch 1,010  of  1,053.    Elapsed: 0:05:39.
  Batch 1,020  of  1,053.    Elapsed: 0:05:42.
  Batch 1,030  of  1,053.    Elapsed: 0:05:45.
  Batch 1,040  of  1,053.    Elapsed: 0:05:49.
  Batch 1,050  of  1,053.    Elapsed: 0:05:52.

  Average training loss generetor: 0.698
  Average training loss discriminator: 0.741
  Training epcoh took: 0:05:53

Running Test...
  Accuracy: 0.890
  Test Loss: 0.369
  Test took: 0:00:01

======== Epoch 7 / 10 ========
Training...
  Batch    10  of  1,053.    Elapsed: 0:00:03.
  Batch    20  of  1,053.    Elapsed: 0:00:07.
  Batch    30  of  1,053.    Elapsed: 0:00:10.
  Batch    40  of  1,053.    Elapsed: 0:00:13.
  Batch    50  of  1,053.    Elapsed: 0:00:17.
  Batch    60  of  1,053.    Elapsed: 0:00:20.
  Batch    70  of  1,053.    Elapsed: 0:00:24.
  Batch    80  of  1,053.    Elapsed: 0:00:27.
  Batch    90  of  1,053.    Elapsed: 0:00:30.
  Batch   100  of  1,053.    Elapsed: 0:00:34.
  Batch   110  of  1,053.    Elapsed: 0:00:37.
  Batch   120  of  1,053.    Elapsed: 0:00:40.
  Batch   130  of  1,053.    Elapsed: 0:00:44.
  Batch   140  of  1,053.    Elapsed: 0:00:47.
  Batch   150  of  1,053.    Elapsed: 0:00:50.
  Batch   160  of  1,053.    Elapsed: 0:00:54.
  Batch   170  of  1,053.    Elapsed: 0:00:57.
  Batch   180  of  1,053.    Elapsed: 0:01:00.
  Batch   190  of  1,053.    Elapsed: 0:01:04.
  Batch   200  of  1,053.    Elapsed: 0:01:07.
  Batch   210  of  1,053.    Elapsed: 0:01:10.
  Batch   220  of  1,053.    Elapsed: 0:01:14.
  Batch   230  of  1,053.    Elapsed: 0:01:17.
  Batch   240  of  1,053.    Elapsed: 0:01:20.
  Batch   250  of  1,053.    Elapsed: 0:01:24.
  Batch   260  of  1,053.    Elapsed: 0:01:27.
  Batch   270  of  1,053.    Elapsed: 0:01:30.
  Batch   280  of  1,053.    Elapsed: 0:01:34.
  Batch   290  of  1,053.    Elapsed: 0:01:37.
  Batch   300  of  1,053.    Elapsed: 0:01:41.
  Batch   310  of  1,053.    Elapsed: 0:01:44.
  Batch   320  of  1,053.    Elapsed: 0:01:47.
  Batch   330  of  1,053.    Elapsed: 0:01:51.
  Batch   340  of  1,053.    Elapsed: 0:01:54.
  Batch   350  of  1,053.    Elapsed: 0:01:57.
  Batch   360  of  1,053.    Elapsed: 0:02:01.
  Batch   370  of  1,053.    Elapsed: 0:02:04.
  Batch   380  of  1,053.    Elapsed: 0:02:07.
  Batch   390  of  1,053.    Elapsed: 0:02:11.
  Batch   400  of  1,053.    Elapsed: 0:02:14.
  Batch   410  of  1,053.    Elapsed: 0:02:17.
  Batch   420  of  1,053.    Elapsed: 0:02:21.
  Batch   430  of  1,053.    Elapsed: 0:02:24.
  Batch   440  of  1,053.    Elapsed: 0:02:27.
  Batch   450  of  1,053.    Elapsed: 0:02:31.
  Batch   460  of  1,053.    Elapsed: 0:02:34.
  Batch   470  of  1,053.    Elapsed: 0:02:37.
  Batch   480  of  1,053.    Elapsed: 0:02:41.
  Batch   490  of  1,053.    Elapsed: 0:02:44.
  Batch   500  of  1,053.    Elapsed: 0:02:48.
  Batch   510  of  1,053.    Elapsed: 0:02:51.
  Batch   520  of  1,053.    Elapsed: 0:02:54.
  Batch   530  of  1,053.    Elapsed: 0:02:58.
  Batch   540  of  1,053.    Elapsed: 0:03:01.
  Batch   550  of  1,053.    Elapsed: 0:03:04.
  Batch   560  of  1,053.    Elapsed: 0:03:08.
  Batch   570  of  1,053.    Elapsed: 0:03:11.
  Batch   580  of  1,053.    Elapsed: 0:03:14.
  Batch   590  of  1,053.    Elapsed: 0:03:18.
  Batch   600  of  1,053.    Elapsed: 0:03:21.
  Batch   610  of  1,053.    Elapsed: 0:03:24.
  Batch   620  of  1,053.    Elapsed: 0:03:28.
  Batch   630  of  1,053.    Elapsed: 0:03:31.
  Batch   640  of  1,053.    Elapsed: 0:03:35.
  Batch   650  of  1,053.    Elapsed: 0:03:38.
  Batch   660  of  1,053.    Elapsed: 0:03:41.
  Batch   670  of  1,053.    Elapsed: 0:03:45.
  Batch   680  of  1,053.    Elapsed: 0:03:48.
  Batch   690  of  1,053.    Elapsed: 0:03:51.
  Batch   700  of  1,053.    Elapsed: 0:03:55.
  Batch   710  of  1,053.    Elapsed: 0:03:58.
  Batch   720  of  1,053.    Elapsed: 0:04:01.
  Batch   730  of  1,053.    Elapsed: 0:04:05.
  Batch   740  of  1,053.    Elapsed: 0:04:08.
  Batch   750  of  1,053.    Elapsed: 0:04:12.
  Batch   760  of  1,053.    Elapsed: 0:04:15.
  Batch   770  of  1,053.    Elapsed: 0:04:18.
  Batch   780  of  1,053.    Elapsed: 0:04:22.
  Batch   790  of  1,053.    Elapsed: 0:04:25.
  Batch   800  of  1,053.    Elapsed: 0:04:28.
  Batch   810  of  1,053.    Elapsed: 0:04:32.
  Batch   820  of  1,053.    Elapsed: 0:04:35.
  Batch   830  of  1,053.    Elapsed: 0:04:38.
  Batch   840  of  1,053.    Elapsed: 0:04:42.
  Batch   850  of  1,053.    Elapsed: 0:04:45.
  Batch   860  of  1,053.    Elapsed: 0:04:48.
  Batch   870  of  1,053.    Elapsed: 0:04:52.
  Batch   880  of  1,053.    Elapsed: 0:04:55.
  Batch   890  of  1,053.    Elapsed: 0:04:58.
  Batch   900  of  1,053.    Elapsed: 0:05:02.
  Batch   910  of  1,053.    Elapsed: 0:05:05.
  Batch   920  of  1,053.    Elapsed: 0:05:09.
  Batch   930  of  1,053.    Elapsed: 0:05:12.
  Batch   940  of  1,053.    Elapsed: 0:05:15.
  Batch   950  of  1,053.    Elapsed: 0:05:19.
  Batch   960  of  1,053.    Elapsed: 0:05:22.
  Batch   970  of  1,053.    Elapsed: 0:05:25.
  Batch   980  of  1,053.    Elapsed: 0:05:29.
  Batch   990  of  1,053.    Elapsed: 0:05:32.
  Batch 1,000  of  1,053.    Elapsed: 0:05:35.
  Batch 1,010  of  1,053.    Elapsed: 0:05:39.
  Batch 1,020  of  1,053.    Elapsed: 0:05:42.
  Batch 1,030  of  1,053.    Elapsed: 0:05:45.
  Batch 1,040  of  1,053.    Elapsed: 0:05:49.
  Batch 1,050  of  1,053.    Elapsed: 0:05:52.

  Average training loss generetor: 0.698
  Average training loss discriminator: 0.740
  Training epcoh took: 0:05:53

Running Test...
  Accuracy: 0.859
  Test Loss: 0.508
  Test took: 0:00:01

======== Epoch 8 / 10 ========
Training...
  Batch    10  of  1,053.    Elapsed: 0:00:03.
  Batch    20  of  1,053.    Elapsed: 0:00:07.
  Batch    30  of  1,053.    Elapsed: 0:00:10.
  Batch    40  of  1,053.    Elapsed: 0:00:13.
  Batch    50  of  1,053.    Elapsed: 0:00:17.
  Batch    60  of  1,053.    Elapsed: 0:00:20.
  Batch    70  of  1,053.    Elapsed: 0:00:23.
  Batch    80  of  1,053.    Elapsed: 0:00:27.
  Batch    90  of  1,053.    Elapsed: 0:00:30.
  Batch   100  of  1,053.    Elapsed: 0:00:33.
  Batch   110  of  1,053.    Elapsed: 0:00:37.
  Batch   120  of  1,053.    Elapsed: 0:00:40.
  Batch   130  of  1,053.    Elapsed: 0:00:43.
  Batch   140  of  1,053.    Elapsed: 0:00:47.
  Batch   150  of  1,053.    Elapsed: 0:00:50.
  Batch   160  of  1,053.    Elapsed: 0:00:53.
  Batch   170  of  1,053.    Elapsed: 0:00:57.
  Batch   180  of  1,053.    Elapsed: 0:01:00.
  Batch   190  of  1,053.    Elapsed: 0:01:03.
  Batch   200  of  1,053.    Elapsed: 0:01:07.
  Batch   210  of  1,053.    Elapsed: 0:01:10.
  Batch   220  of  1,053.    Elapsed: 0:01:13.
  Batch   230  of  1,053.    Elapsed: 0:01:17.
  Batch   240  of  1,053.    Elapsed: 0:01:20.
  Batch   250  of  1,053.    Elapsed: 0:01:23.
  Batch   260  of  1,053.    Elapsed: 0:01:27.
  Batch   270  of  1,053.    Elapsed: 0:01:30.
  Batch   280  of  1,053.    Elapsed: 0:01:33.
  Batch   290  of  1,053.    Elapsed: 0:01:37.
  Batch   300  of  1,053.    Elapsed: 0:01:40.
  Batch   310  of  1,053.    Elapsed: 0:01:44.
  Batch   320  of  1,053.    Elapsed: 0:01:47.
  Batch   330  of  1,053.    Elapsed: 0:01:50.
  Batch   340  of  1,053.    Elapsed: 0:01:54.
  Batch   350  of  1,053.    Elapsed: 0:01:57.
  Batch   360  of  1,053.    Elapsed: 0:02:00.
  Batch   370  of  1,053.    Elapsed: 0:02:04.
  Batch   380  of  1,053.    Elapsed: 0:02:07.
  Batch   390  of  1,053.    Elapsed: 0:02:10.
  Batch   400  of  1,053.    Elapsed: 0:02:14.
  Batch   410  of  1,053.    Elapsed: 0:02:17.
  Batch   420  of  1,053.    Elapsed: 0:02:20.
  Batch   430  of  1,053.    Elapsed: 0:02:24.
  Batch   440  of  1,053.    Elapsed: 0:02:27.
  Batch   450  of  1,053.    Elapsed: 0:02:30.
  Batch   460  of  1,053.    Elapsed: 0:02:34.
  Batch   470  of  1,053.    Elapsed: 0:02:37.
  Batch   480  of  1,053.    Elapsed: 0:02:40.
  Batch   490  of  1,053.    Elapsed: 0:02:44.
  Batch   500  of  1,053.    Elapsed: 0:02:47.
  Batch   510  of  1,053.    Elapsed: 0:02:50.
  Batch   520  of  1,053.    Elapsed: 0:02:54.
  Batch   530  of  1,053.    Elapsed: 0:02:57.
  Batch   540  of  1,053.    Elapsed: 0:03:00.
  Batch   550  of  1,053.    Elapsed: 0:03:04.
  Batch   560  of  1,053.    Elapsed: 0:03:07.
  Batch   570  of  1,053.    Elapsed: 0:03:10.
  Batch   580  of  1,053.    Elapsed: 0:03:14.
  Batch   590  of  1,053.    Elapsed: 0:03:17.
  Batch   600  of  1,053.    Elapsed: 0:03:20.
  Batch   610  of  1,053.    Elapsed: 0:03:24.
  Batch   620  of  1,053.    Elapsed: 0:03:27.
  Batch   630  of  1,053.    Elapsed: 0:03:31.
  Batch   640  of  1,053.    Elapsed: 0:03:34.
  Batch   650  of  1,053.    Elapsed: 0:03:37.
  Batch   660  of  1,053.    Elapsed: 0:03:41.
  Batch   670  of  1,053.    Elapsed: 0:03:44.
  Batch   680  of  1,053.    Elapsed: 0:03:47.
  Batch   690  of  1,053.    Elapsed: 0:03:51.
  Batch   700  of  1,053.    Elapsed: 0:03:54.
  Batch   710  of  1,053.    Elapsed: 0:03:57.
  Batch   720  of  1,053.    Elapsed: 0:04:01.
  Batch   730  of  1,053.    Elapsed: 0:04:04.
  Batch   740  of  1,053.    Elapsed: 0:04:07.
  Batch   750  of  1,053.    Elapsed: 0:04:11.
  Batch   760  of  1,053.    Elapsed: 0:04:14.
  Batch   770  of  1,053.    Elapsed: 0:04:17.
  Batch   780  of  1,053.    Elapsed: 0:04:21.
  Batch   790  of  1,053.    Elapsed: 0:04:24.
  Batch   800  of  1,053.    Elapsed: 0:04:27.
  Batch   810  of  1,053.    Elapsed: 0:04:31.
  Batch   820  of  1,053.    Elapsed: 0:04:34.
  Batch   830  of  1,053.    Elapsed: 0:04:37.
  Batch   840  of  1,053.    Elapsed: 0:04:41.
  Batch   850  of  1,053.    Elapsed: 0:04:44.
  Batch   860  of  1,053.    Elapsed: 0:04:47.
  Batch   870  of  1,053.    Elapsed: 0:04:51.
  Batch   880  of  1,053.    Elapsed: 0:04:54.
  Batch   890  of  1,053.    Elapsed: 0:04:57.
  Batch   900  of  1,053.    Elapsed: 0:05:01.
  Batch   910  of  1,053.    Elapsed: 0:05:04.
  Batch   920  of  1,053.    Elapsed: 0:05:07.
  Batch   930  of  1,053.    Elapsed: 0:05:11.
  Batch   940  of  1,053.    Elapsed: 0:05:14.
  Batch   950  of  1,053.    Elapsed: 0:05:17.
  Batch   960  of  1,053.    Elapsed: 0:05:21.
  Batch   970  of  1,053.    Elapsed: 0:05:24.
  Batch   980  of  1,053.    Elapsed: 0:05:27.
  Batch   990  of  1,053.    Elapsed: 0:05:31.
  Batch 1,000  of  1,053.    Elapsed: 0:05:34.
  Batch 1,010  of  1,053.    Elapsed: 0:05:37.
  Batch 1,020  of  1,053.    Elapsed: 0:05:41.
  Batch 1,030  of  1,053.    Elapsed: 0:05:44.
  Batch 1,040  of  1,053.    Elapsed: 0:05:47.
  Batch 1,050  of  1,053.    Elapsed: 0:05:51.

  Average training loss generetor: 0.698
  Average training loss discriminator: 0.747
  Training epcoh took: 0:05:52

Running Test...
  Accuracy: 0.859
  Test Loss: 0.414
  Test took: 0:00:01

======== Epoch 9 / 10 ========
Training...
  Batch    10  of  1,053.    Elapsed: 0:00:03.
  Batch    20  of  1,053.    Elapsed: 0:00:07.
  Batch    30  of  1,053.    Elapsed: 0:00:10.
  Batch    40  of  1,053.    Elapsed: 0:00:13.
  Batch    50  of  1,053.    Elapsed: 0:00:17.
  Batch    60  of  1,053.    Elapsed: 0:00:20.
  Batch    70  of  1,053.    Elapsed: 0:00:23.
  Batch    80  of  1,053.    Elapsed: 0:00:27.
  Batch    90  of  1,053.    Elapsed: 0:00:30.
  Batch   100  of  1,053.    Elapsed: 0:00:33.
  Batch   110  of  1,053.    Elapsed: 0:00:37.
  Batch   120  of  1,053.    Elapsed: 0:00:40.
  Batch   130  of  1,053.    Elapsed: 0:00:43.
  Batch   140  of  1,053.    Elapsed: 0:00:47.
  Batch   150  of  1,053.    Elapsed: 0:00:50.
  Batch   160  of  1,053.    Elapsed: 0:00:53.
  Batch   170  of  1,053.    Elapsed: 0:00:57.
  Batch   180  of  1,053.    Elapsed: 0:01:00.
  Batch   190  of  1,053.    Elapsed: 0:01:03.
  Batch   200  of  1,053.    Elapsed: 0:01:07.
  Batch   210  of  1,053.    Elapsed: 0:01:10.
  Batch   220  of  1,053.    Elapsed: 0:01:14.
  Batch   230  of  1,053.    Elapsed: 0:01:17.
  Batch   240  of  1,053.    Elapsed: 0:01:20.
  Batch   250  of  1,053.    Elapsed: 0:01:24.
  Batch   260  of  1,053.    Elapsed: 0:01:27.
  Batch   270  of  1,053.    Elapsed: 0:01:30.
  Batch   280  of  1,053.    Elapsed: 0:01:34.
  Batch   290  of  1,053.    Elapsed: 0:01:37.
  Batch   300  of  1,053.    Elapsed: 0:01:40.
  Batch   310  of  1,053.    Elapsed: 0:01:44.
  Batch   320  of  1,053.    Elapsed: 0:01:47.
  Batch   330  of  1,053.    Elapsed: 0:01:50.
  Batch   340  of  1,053.    Elapsed: 0:01:54.
  Batch   350  of  1,053.    Elapsed: 0:01:57.
  Batch   360  of  1,053.    Elapsed: 0:02:00.
  Batch   370  of  1,053.    Elapsed: 0:02:04.
  Batch   380  of  1,053.    Elapsed: 0:02:07.
  Batch   390  of  1,053.    Elapsed: 0:02:10.
  Batch   400  of  1,053.    Elapsed: 0:02:14.
  Batch   410  of  1,053.    Elapsed: 0:02:17.
  Batch   420  of  1,053.    Elapsed: 0:02:20.
  Batch   430  of  1,053.    Elapsed: 0:02:24.
  Batch   440  of  1,053.    Elapsed: 0:02:27.
  Batch   450  of  1,053.    Elapsed: 0:02:31.
  Batch   460  of  1,053.    Elapsed: 0:02:34.
  Batch   470  of  1,053.    Elapsed: 0:02:37.
  Batch   480  of  1,053.    Elapsed: 0:02:41.
  Batch   490  of  1,053.    Elapsed: 0:02:44.
  Batch   500  of  1,053.    Elapsed: 0:02:47.
  Batch   510  of  1,053.    Elapsed: 0:02:51.
  Batch   520  of  1,053.    Elapsed: 0:02:54.
  Batch   530  of  1,053.    Elapsed: 0:02:57.
  Batch   540  of  1,053.    Elapsed: 0:03:01.
  Batch   550  of  1,053.    Elapsed: 0:03:04.
  Batch   560  of  1,053.    Elapsed: 0:03:07.
  Batch   570  of  1,053.    Elapsed: 0:03:11.
  Batch   580  of  1,053.    Elapsed: 0:03:14.
  Batch   590  of  1,053.    Elapsed: 0:03:17.
  Batch   600  of  1,053.    Elapsed: 0:03:21.
  Batch   610  of  1,053.    Elapsed: 0:03:24.
  Batch   620  of  1,053.    Elapsed: 0:03:27.
  Batch   630  of  1,053.    Elapsed: 0:03:31.
  Batch   640  of  1,053.    Elapsed: 0:03:34.
  Batch   650  of  1,053.    Elapsed: 0:03:37.
  Batch   660  of  1,053.    Elapsed: 0:03:41.
  Batch   670  of  1,053.    Elapsed: 0:03:44.
  Batch   680  of  1,053.    Elapsed: 0:03:47.
  Batch   690  of  1,053.    Elapsed: 0:03:51.
  Batch   700  of  1,053.    Elapsed: 0:03:54.
  Batch   710  of  1,053.    Elapsed: 0:03:57.
  Batch   720  of  1,053.    Elapsed: 0:04:01.
  Batch   730  of  1,053.    Elapsed: 0:04:04.
  Batch   740  of  1,053.    Elapsed: 0:04:07.
  Batch   750  of  1,053.    Elapsed: 0:04:11.
  Batch   760  of  1,053.    Elapsed: 0:04:14.
  Batch   770  of  1,053.    Elapsed: 0:04:17.
  Batch   780  of  1,053.    Elapsed: 0:04:21.
  Batch   790  of  1,053.    Elapsed: 0:04:24.
  Batch   800  of  1,053.    Elapsed: 0:04:27.
  Batch   810  of  1,053.    Elapsed: 0:04:31.
  Batch   820  of  1,053.    Elapsed: 0:04:34.
  Batch   830  of  1,053.    Elapsed: 0:04:37.
  Batch   840  of  1,053.    Elapsed: 0:04:41.
  Batch   850  of  1,053.    Elapsed: 0:04:44.
  Batch   860  of  1,053.    Elapsed: 0:04:47.
  Batch   870  of  1,053.    Elapsed: 0:04:51.
  Batch   880  of  1,053.    Elapsed: 0:04:54.
  Batch   890  of  1,053.    Elapsed: 0:04:57.
  Batch   900  of  1,053.    Elapsed: 0:05:01.
  Batch   910  of  1,053.    Elapsed: 0:05:04.
  Batch   920  of  1,053.    Elapsed: 0:05:08.
  Batch   930  of  1,053.    Elapsed: 0:05:11.
  Batch   940  of  1,053.    Elapsed: 0:05:14.
  Batch   950  of  1,053.    Elapsed: 0:05:18.
  Batch   960  of  1,053.    Elapsed: 0:05:21.
  Batch   970  of  1,053.    Elapsed: 0:05:24.
  Batch   980  of  1,053.    Elapsed: 0:05:28.
  Batch   990  of  1,053.    Elapsed: 0:05:31.
  Batch 1,000  of  1,053.    Elapsed: 0:05:34.
  Batch 1,010  of  1,053.    Elapsed: 0:05:38.
  Batch 1,020  of  1,053.    Elapsed: 0:05:41.
  Batch 1,030  of  1,053.    Elapsed: 0:05:44.
  Batch 1,040  of  1,053.    Elapsed: 0:05:48.
  Batch 1,050  of  1,053.    Elapsed: 0:05:51.

  Average training loss generetor: 0.698
  Average training loss discriminator: 0.740
  Training epcoh took: 0:05:52

Running Test...
  Accuracy: 0.849
  Test Loss: 0.383
  Test took: 0:00:01

======== Epoch 10 / 10 ========
Training...
  Batch    10  of  1,053.    Elapsed: 0:00:03.
  Batch    20  of  1,053.    Elapsed: 0:00:07.
  Batch    30  of  1,053.    Elapsed: 0:00:10.
  Batch    40  of  1,053.    Elapsed: 0:00:13.
  Batch    50  of  1,053.    Elapsed: 0:00:17.
  Batch    60  of  1,053.    Elapsed: 0:00:20.
  Batch    70  of  1,053.    Elapsed: 0:00:24.
  Batch    80  of  1,053.    Elapsed: 0:00:27.
  Batch    90  of  1,053.    Elapsed: 0:00:30.
  Batch   100  of  1,053.    Elapsed: 0:00:34.
  Batch   110  of  1,053.    Elapsed: 0:00:37.
  Batch   120  of  1,053.    Elapsed: 0:00:40.
  Batch   130  of  1,053.    Elapsed: 0:00:44.
  Batch   140  of  1,053.    Elapsed: 0:00:47.
  Batch   150  of  1,053.    Elapsed: 0:00:50.
  Batch   160  of  1,053.    Elapsed: 0:00:54.
  Batch   170  of  1,053.    Elapsed: 0:00:57.
  Batch   180  of  1,053.    Elapsed: 0:01:00.
  Batch   190  of  1,053.    Elapsed: 0:01:04.
  Batch   200  of  1,053.    Elapsed: 0:01:07.
  Batch   210  of  1,053.    Elapsed: 0:01:10.
  Batch   220  of  1,053.    Elapsed: 0:01:14.
  Batch   230  of  1,053.    Elapsed: 0:01:17.
  Batch   240  of  1,053.    Elapsed: 0:01:20.
  Batch   250  of  1,053.    Elapsed: 0:01:24.
  Batch   260  of  1,053.    Elapsed: 0:01:27.
  Batch   270  of  1,053.    Elapsed: 0:01:31.
  Batch   280  of  1,053.    Elapsed: 0:01:34.
  Batch   290  of  1,053.    Elapsed: 0:01:37.
  Batch   300  of  1,053.    Elapsed: 0:01:41.
  Batch   310  of  1,053.    Elapsed: 0:01:44.
  Batch   320  of  1,053.    Elapsed: 0:01:47.
  Batch   330  of  1,053.    Elapsed: 0:01:51.
  Batch   340  of  1,053.    Elapsed: 0:01:54.
  Batch   350  of  1,053.    Elapsed: 0:01:57.
  Batch   360  of  1,053.    Elapsed: 0:02:01.
  Batch   370  of  1,053.    Elapsed: 0:02:04.
  Batch   380  of  1,053.    Elapsed: 0:02:07.
  Batch   390  of  1,053.    Elapsed: 0:02:11.
  Batch   400  of  1,053.    Elapsed: 0:02:14.
  Batch   410  of  1,053.    Elapsed: 0:02:17.
  Batch   420  of  1,053.    Elapsed: 0:02:21.
  Batch   430  of  1,053.    Elapsed: 0:02:24.
  Batch   440  of  1,053.    Elapsed: 0:02:28.
  Batch   450  of  1,053.    Elapsed: 0:02:31.
  Batch   460  of  1,053.    Elapsed: 0:02:34.
  Batch   470  of  1,053.    Elapsed: 0:02:38.
  Batch   480  of  1,053.    Elapsed: 0:02:41.
  Batch   490  of  1,053.    Elapsed: 0:02:44.
  Batch   500  of  1,053.    Elapsed: 0:02:48.
  Batch   510  of  1,053.    Elapsed: 0:02:51.
  Batch   520  of  1,053.    Elapsed: 0:02:54.
  Batch   530  of  1,053.    Elapsed: 0:02:58.
  Batch   540  of  1,053.    Elapsed: 0:03:01.
  Batch   550  of  1,053.    Elapsed: 0:03:04.
  Batch   560  of  1,053.    Elapsed: 0:03:08.
  Batch   570  of  1,053.    Elapsed: 0:03:11.
  Batch   580  of  1,053.    Elapsed: 0:03:15.
  Batch   590  of  1,053.    Elapsed: 0:03:18.
  Batch   600  of  1,053.    Elapsed: 0:03:21.
  Batch   610  of  1,053.    Elapsed: 0:03:25.
  Batch   620  of  1,053.    Elapsed: 0:03:28.
  Batch   630  of  1,053.    Elapsed: 0:03:31.
  Batch   640  of  1,053.    Elapsed: 0:03:35.
  Batch   650  of  1,053.    Elapsed: 0:03:38.
  Batch   660  of  1,053.    Elapsed: 0:03:41.
  Batch   670  of  1,053.    Elapsed: 0:03:45.
  Batch   680  of  1,053.    Elapsed: 0:03:48.
  Batch   690  of  1,053.    Elapsed: 0:03:51.
  Batch   700  of  1,053.    Elapsed: 0:03:55.
  Batch   710  of  1,053.    Elapsed: 0:03:58.
  Batch   720  of  1,053.    Elapsed: 0:04:01.
  Batch   730  of  1,053.    Elapsed: 0:04:05.
  Batch   740  of  1,053.    Elapsed: 0:04:08.
  Batch   750  of  1,053.    Elapsed: 0:04:12.
  Batch   760  of  1,053.    Elapsed: 0:04:15.
  Batch   770  of  1,053.    Elapsed: 0:04:18.
  Batch   780  of  1,053.    Elapsed: 0:04:22.
  Batch   790  of  1,053.    Elapsed: 0:04:25.
  Batch   800  of  1,053.    Elapsed: 0:04:28.
  Batch   810  of  1,053.    Elapsed: 0:04:32.
  Batch   820  of  1,053.    Elapsed: 0:04:35.
  Batch   830  of  1,053.    Elapsed: 0:04:38.
  Batch   840  of  1,053.    Elapsed: 0:04:42.
  Batch   850  of  1,053.    Elapsed: 0:04:45.
  Batch   860  of  1,053.    Elapsed: 0:04:48.
  Batch   870  of  1,053.    Elapsed: 0:04:52.
  Batch   880  of  1,053.    Elapsed: 0:04:55.
  Batch   890  of  1,053.    Elapsed: 0:04:58.
  Batch   900  of  1,053.    Elapsed: 0:05:02.
  Batch   910  of  1,053.    Elapsed: 0:05:05.
  Batch   920  of  1,053.    Elapsed: 0:05:09.
  Batch   930  of  1,053.    Elapsed: 0:05:12.
  Batch   940  of  1,053.    Elapsed: 0:05:15.
  Batch   950  of  1,053.    Elapsed: 0:05:19.
  Batch   960  of  1,053.    Elapsed: 0:05:22.
  Batch   970  of  1,053.    Elapsed: 0:05:25.
  Batch   980  of  1,053.    Elapsed: 0:05:29.
  Batch   990  of  1,053.    Elapsed: 0:05:32.
  Batch 1,000  of  1,053.    Elapsed: 0:05:35.
  Batch 1,010  of  1,053.    Elapsed: 0:05:39.
  Batch 1,020  of  1,053.    Elapsed: 0:05:42.
  Batch 1,030  of  1,053.    Elapsed: 0:05:45.
  Batch 1,040  of  1,053.    Elapsed: 0:05:49.
  Batch 1,050  of  1,053.    Elapsed: 0:05:52.

  Average training loss generetor: 0.697
  Average training loss discriminator: 0.722
  Training epcoh took: 0:05:53

Running Test...
  Accuracy: 0.844
  Test Loss: 0.679
  Test took: 0:00:01
{'epoch': 1, 'Training Loss generator': 0.7086182600639032, 'Training Loss discriminator': 1.0725800888604022, 'Valid. Loss': 0.2728371024131775, 'Valid. Accur.': 0.8944954128440367, 'Training Time': '0:05:53', 'Test Time': '0:00:01'}
{'epoch': 2, 'Training Loss generator': 0.702856784023111, 'Training Loss discriminator': 0.8669413925915362, 'Valid. Loss': 0.3616284728050232, 'Valid. Accur.': 0.8830275229357798, 'Training Time': '0:05:53', 'Test Time': '0:00:01'}
{'epoch': 3, 'Training Loss generator': 0.7010956948299354, 'Training Loss discriminator': 0.8036332886103551, 'Valid. Loss': 0.43578535318374634, 'Valid. Accur.': 0.8807339449541285, 'Training Time': '0:05:53', 'Test Time': '0:00:01'}
{'epoch': 4, 'Training Loss generator': 0.6995910811967659, 'Training Loss discriminator': 0.7787955781446676, 'Valid. Loss': 0.3545096516609192, 'Valid. Accur.': 0.8669724770642202, 'Training Time': '0:05:53', 'Test Time': '0:00:01'}
{'epoch': 5, 'Training Loss generator': 0.6988624971703133, 'Training Loss discriminator': 0.7494910574480113, 'Valid. Loss': 0.3443230986595154, 'Valid. Accur.': 0.8944954128440367, 'Training Time': '0:05:52', 'Test Time': '0:00:01'}
{'epoch': 6, 'Training Loss generator': 0.698266654612332, 'Training Loss discriminator': 0.7414788067737083, 'Valid. Loss': 0.36868342757225037, 'Valid. Accur.': 0.8899082568807339, 'Training Time': '0:05:53', 'Test Time': '0:00:01'}
{'epoch': 7, 'Training Loss generator': 0.6978809859564727, 'Training Loss discriminator': 0.7400076347991386, 'Valid. Loss': 0.5083736181259155, 'Valid. Accur.': 0.8589449541284404, 'Training Time': '0:05:53', 'Test Time': '0:00:01'}
{'epoch': 8, 'Training Loss generator': 0.69802510851582, 'Training Loss discriminator': 0.7466410550183606, 'Valid. Loss': 0.4142095744609833, 'Valid. Accur.': 0.8589449541284404, 'Training Time': '0:05:52', 'Test Time': '0:00:01'}
{'epoch': 9, 'Training Loss generator': 0.697672410398467, 'Training Loss discriminator': 0.7399373399226414, 'Valid. Loss': 0.38327309489250183, 'Valid. Accur.': 0.8486238532110092, 'Training Time': '0:05:52', 'Test Time': '0:00:01'}
{'epoch': 10, 'Training Loss generator': 0.6968868729735371, 'Training Loss discriminator': 0.7224699463146931, 'Valid. Loss': 0.6791325807571411, 'Valid. Accur.': 0.8440366972477065, 'Training Time': '0:05:53', 'Test Time': '0:00:01'}
Total training took 0:58:54 (h:mm:ss)





Training complete!
Training Start Time : 2022-05-08_08:34:28
